0 info it worked if it ends with ok
1 verbose cli [ 'C:\\Program Files\\nodejs\\node.exe',
1 verbose cli   'C:\\Program Files\\nodejs\\node_modules\\npm\\bin\\npm-cli.js',
1 verbose cli   'install',
1 verbose cli   'bcrypt' ]
2 info using npm@3.10.10
3 info using node@v6.11.2
4 silly loadCurrentTree Starting
5 silly install loadCurrentTree
6 silly install readLocalPackageData
7 silly fetchPackageMetaData bcrypt@^0.8.7
8 silly fetchNamedPackageData bcrypt
9 silly mapToRegistry name bcrypt
10 silly mapToRegistry using default registry
11 silly mapToRegistry registry https://registry.npmjs.org/
12 silly mapToRegistry data Result {
12 silly mapToRegistry   raw: 'bcrypt',
12 silly mapToRegistry   scope: null,
12 silly mapToRegistry   escapedName: 'bcrypt',
12 silly mapToRegistry   name: 'bcrypt',
12 silly mapToRegistry   rawSpec: '',
12 silly mapToRegistry   spec: 'latest',
12 silly mapToRegistry   type: 'tag' }
13 silly mapToRegistry uri https://registry.npmjs.org/bcrypt
14 verbose request uri https://registry.npmjs.org/bcrypt
15 verbose request no auth needed
16 info attempt registry request try #1 at 11:58:56 AM
17 verbose request id 145449c51825be0d
18 verbose etag "5a7dca66-18f14"
19 verbose lastModified Fri, 9 Feb 2018 16:20:54 GMT
20 http request GET https://registry.npmjs.org/bcrypt
21 http 304 https://registry.npmjs.org/bcrypt
22 verbose headers { date: 'Tue, 13 Feb 2018 10:59:22 GMT',
22 verbose headers   via: '1.1 varnish',
22 verbose headers   'cache-control': 'max-age=300',
22 verbose headers   etag: '"5a7dca66-18f14"',
22 verbose headers   age: '3133',
22 verbose headers   connection: 'keep-alive',
22 verbose headers   'x-served-by': 'cache-hhn1543-HHN',
22 verbose headers   'x-cache': 'HIT',
22 verbose headers   'x-cache-hits': '2',
22 verbose headers   'x-timer': 'S1518519562.465289,VS0,VE0',
22 verbose headers   vary: 'Accept-Encoding, Accept' }
23 silly get cb [ 304,
23 silly get   { date: 'Tue, 13 Feb 2018 10:59:22 GMT',
23 silly get     via: '1.1 varnish',
23 silly get     'cache-control': 'max-age=300',
23 silly get     etag: '"5a7dca66-18f14"',
23 silly get     age: '3133',
23 silly get     connection: 'keep-alive',
23 silly get     'x-served-by': 'cache-hhn1543-HHN',
23 silly get     'x-cache': 'HIT',
23 silly get     'x-cache-hits': '2',
23 silly get     'x-timer': 'S1518519562.465289,VS0,VE0',
23 silly get     vary: 'Accept-Encoding, Accept' } ]
24 verbose etag https://registry.npmjs.org/bcrypt from cache
25 verbose get saving bcrypt to C:\Users\NB01\AppData\Roaming\npm-cache\registry.npmjs.org\bcrypt\.cache.json
26 verbose correctMkdir C:\Users\NB01\AppData\Roaming\npm-cache correctMkdir not in flight; initializing
27 silly install normalizeTree
28 silly loadCurrentTree Finishing
29 silly loadIdealTree Starting
30 silly install loadIdealTree
31 silly cloneCurrentTree Starting
32 silly install cloneCurrentTreeToIdealTree
33 silly cloneCurrentTree Finishing
34 silly loadShrinkwrap Starting
35 silly install loadShrinkwrap
36 silly loadShrinkwrap Finishing
37 silly loadAllDepsIntoIdealTree Starting
38 silly install loadAllDepsIntoIdealTree
39 silly resolveWithNewModule bcrypt@0.8.7 checking installable status
40 silly cache add args [ 'bcrypt@^0.8.7', null ]
41 verbose cache add spec bcrypt@^0.8.7
42 silly cache add parsed spec Result {
42 silly cache add   raw: 'bcrypt@^0.8.7',
42 silly cache add   scope: null,
42 silly cache add   escapedName: 'bcrypt',
42 silly cache add   name: 'bcrypt',
42 silly cache add   rawSpec: '^0.8.7',
42 silly cache add   spec: '>=0.8.7 <0.9.0',
42 silly cache add   type: 'range' }
43 silly addNamed bcrypt@>=0.8.7 <0.9.0
44 verbose addNamed ">=0.8.7 <0.9.0" is a valid semver range for bcrypt
45 silly addNameRange { name: 'bcrypt', range: '>=0.8.7 <0.9.0', hasData: false }
46 silly mapToRegistry name bcrypt
47 silly mapToRegistry using default registry
48 silly mapToRegistry registry https://registry.npmjs.org/
49 silly mapToRegistry data Result {
49 silly mapToRegistry   raw: 'bcrypt',
49 silly mapToRegistry   scope: null,
49 silly mapToRegistry   escapedName: 'bcrypt',
49 silly mapToRegistry   name: 'bcrypt',
49 silly mapToRegistry   rawSpec: '',
49 silly mapToRegistry   spec: 'latest',
49 silly mapToRegistry   type: 'tag' }
50 silly mapToRegistry uri https://registry.npmjs.org/bcrypt
51 verbose addNameRange registry:https://registry.npmjs.org/bcrypt not in flight; fetching
52 verbose get https://registry.npmjs.org/bcrypt not expired, no request
53 silly addNameRange number 2 { name: 'bcrypt', range: '>=0.8.7 <0.9.0', hasData: true }
54 silly addNameRange versions [ 'bcrypt',
54 silly addNameRange   [ '0.1.2',
54 silly addNameRange     '0.2.0',
54 silly addNameRange     '0.2.1',
54 silly addNameRange     '0.1.3',
54 silly addNameRange     '0.2.2',
54 silly addNameRange     '0.2.3',
54 silly addNameRange     '0.2.4',
54 silly addNameRange     '0.3.0',
54 silly addNameRange     '0.3.1',
54 silly addNameRange     '0.3.2',
54 silly addNameRange     '0.4.0',
54 silly addNameRange     '0.4.1',
54 silly addNameRange     '0.5.0',
54 silly addNameRange     '0.6.0',
54 silly addNameRange     '0.7.0',
54 silly addNameRange     '0.7.1',
54 silly addNameRange     '0.7.2',
54 silly addNameRange     '0.7.3',
54 silly addNameRange     '0.7.4',
54 silly addNameRange     '0.7.5',
54 silly addNameRange     '0.7.6',
54 silly addNameRange     '0.7.7',
54 silly addNameRange     '0.7.8',
54 silly addNameRange     '0.8.0',
54 silly addNameRange     '0.8.1',
54 silly addNameRange     '0.8.2',
54 silly addNameRange     '0.8.3',
54 silly addNameRange     '0.8.4',
54 silly addNameRange     '0.8.5',
54 silly addNameRange     '0.8.6',
54 silly addNameRange     '0.8.7',
54 silly addNameRange     '1.0.0',
54 silly addNameRange     '1.0.1',
54 silly addNameRange     '1.0.2',
54 silly addNameRange     '1.0.3',
54 silly addNameRange     '1.1.0-napi' ] ]
55 silly addNamed bcrypt@0.8.7
56 verbose addNamed "0.8.7" is a plain semver version for bcrypt
57 silly cache afterAdd bcrypt@0.8.7
58 verbose afterAdd C:\Users\NB01\AppData\Roaming\npm-cache\bcrypt\0.8.7\package\package.json not in flight; writing
59 verbose correctMkdir C:\Users\NB01\AppData\Roaming\npm-cache correctMkdir not in flight; initializing
60 verbose afterAdd C:\Users\NB01\AppData\Roaming\npm-cache\bcrypt\0.8.7\package\package.json written
61 silly fetchNamedPackageData bindings
62 silly mapToRegistry name bindings
63 silly mapToRegistry using default registry
64 silly mapToRegistry registry https://registry.npmjs.org/
65 silly mapToRegistry data Result {
65 silly mapToRegistry   raw: 'bindings',
65 silly mapToRegistry   scope: null,
65 silly mapToRegistry   escapedName: 'bindings',
65 silly mapToRegistry   name: 'bindings',
65 silly mapToRegistry   rawSpec: '',
65 silly mapToRegistry   spec: 'latest',
65 silly mapToRegistry   type: 'tag' }
66 silly mapToRegistry uri https://registry.npmjs.org/bindings
67 silly fetchNamedPackageData nan
68 silly mapToRegistry name nan
69 silly mapToRegistry using default registry
70 silly mapToRegistry registry https://registry.npmjs.org/
71 silly mapToRegistry data Result {
71 silly mapToRegistry   raw: 'nan',
71 silly mapToRegistry   scope: null,
71 silly mapToRegistry   escapedName: 'nan',
71 silly mapToRegistry   name: 'nan',
71 silly mapToRegistry   rawSpec: '',
71 silly mapToRegistry   spec: 'latest',
71 silly mapToRegistry   type: 'tag' }
72 silly mapToRegistry uri https://registry.npmjs.org/nan
73 verbose request uri https://registry.npmjs.org/bindings
74 verbose request no auth needed
75 info attempt registry request try #1 at 11:58:57 AM
76 verbose etag "5a700cb7-4c53"
77 verbose lastModified Tue, 30 Jan 2018 6:12:07 GMT
78 http request GET https://registry.npmjs.org/bindings
79 verbose request uri https://registry.npmjs.org/nan
80 verbose request no auth needed
81 info attempt registry request try #1 at 11:58:57 AM
82 verbose etag "5a7608c1-20c40"
83 verbose lastModified Sat, 3 Feb 2018 19:08:49 GMT
84 http request GET https://registry.npmjs.org/nan
85 http 304 https://registry.npmjs.org/bindings
86 verbose headers { date: 'Tue, 13 Feb 2018 10:59:23 GMT',
86 verbose headers   via: '1.1 varnish',
86 verbose headers   'cache-control': 'max-age=300',
86 verbose headers   etag: '"5a700cb7-4c53"',
86 verbose headers   age: '168',
86 verbose headers   connection: 'keep-alive',
86 verbose headers   'x-served-by': 'cache-hhn1543-HHN',
86 verbose headers   'x-cache': 'HIT',
86 verbose headers   'x-cache-hits': '1',
86 verbose headers   'x-timer': 'S1518519563.266247,VS0,VE1',
86 verbose headers   vary: 'Accept-Encoding, Accept' }
87 silly get cb [ 304,
87 silly get   { date: 'Tue, 13 Feb 2018 10:59:23 GMT',
87 silly get     via: '1.1 varnish',
87 silly get     'cache-control': 'max-age=300',
87 silly get     etag: '"5a700cb7-4c53"',
87 silly get     age: '168',
87 silly get     connection: 'keep-alive',
87 silly get     'x-served-by': 'cache-hhn1543-HHN',
87 silly get     'x-cache': 'HIT',
87 silly get     'x-cache-hits': '1',
87 silly get     'x-timer': 'S1518519563.266247,VS0,VE1',
87 silly get     vary: 'Accept-Encoding, Accept' } ]
88 verbose etag https://registry.npmjs.org/bindings from cache
89 verbose get saving bindings to C:\Users\NB01\AppData\Roaming\npm-cache\registry.npmjs.org\bindings\.cache.json
90 verbose correctMkdir C:\Users\NB01\AppData\Roaming\npm-cache correctMkdir not in flight; initializing
91 silly resolveWithNewModule bindings@1.2.1 checking installable status
92 silly cache add args [ 'bindings@1.2.1', null ]
93 verbose cache add spec bindings@1.2.1
94 silly cache add parsed spec Result {
94 silly cache add   raw: 'bindings@1.2.1',
94 silly cache add   scope: null,
94 silly cache add   escapedName: 'bindings',
94 silly cache add   name: 'bindings',
94 silly cache add   rawSpec: '1.2.1',
94 silly cache add   spec: '1.2.1',
94 silly cache add   type: 'version' }
95 silly addNamed bindings@1.2.1
96 verbose addNamed "1.2.1" is a plain semver version for bindings
97 silly mapToRegistry name bindings
98 silly mapToRegistry using default registry
99 silly mapToRegistry registry https://registry.npmjs.org/
100 silly mapToRegistry data Result {
100 silly mapToRegistry   raw: 'bindings',
100 silly mapToRegistry   scope: null,
100 silly mapToRegistry   escapedName: 'bindings',
100 silly mapToRegistry   name: 'bindings',
100 silly mapToRegistry   rawSpec: '',
100 silly mapToRegistry   spec: 'latest',
100 silly mapToRegistry   type: 'tag' }
101 silly mapToRegistry uri https://registry.npmjs.org/bindings
102 verbose addNameVersion registry:https://registry.npmjs.org/bindings not in flight; fetching
103 verbose get https://registry.npmjs.org/bindings not expired, no request
104 silly cache afterAdd bindings@1.2.1
105 verbose afterAdd C:\Users\NB01\AppData\Roaming\npm-cache\bindings\1.2.1\package\package.json not in flight; writing
106 verbose correctMkdir C:\Users\NB01\AppData\Roaming\npm-cache correctMkdir not in flight; initializing
107 verbose afterAdd C:\Users\NB01\AppData\Roaming\npm-cache\bindings\1.2.1\package\package.json written
108 http 304 https://registry.npmjs.org/nan
109 verbose headers { date: 'Tue, 13 Feb 2018 10:59:23 GMT',
109 verbose headers   via: '1.1 varnish',
109 verbose headers   'cache-control': 'max-age=300',
109 verbose headers   etag: '"5a7608c1-20c40"',
109 verbose headers   age: '13617',
109 verbose headers   connection: 'keep-alive',
109 verbose headers   'x-served-by': 'cache-hhn1528-HHN',
109 verbose headers   'x-cache': 'HIT',
109 verbose headers   'x-cache-hits': '301',
109 verbose headers   'x-timer': 'S1518519563.372798,VS0,VE0',
109 verbose headers   vary: 'Accept-Encoding, Accept' }
110 silly get cb [ 304,
110 silly get   { date: 'Tue, 13 Feb 2018 10:59:23 GMT',
110 silly get     via: '1.1 varnish',
110 silly get     'cache-control': 'max-age=300',
110 silly get     etag: '"5a7608c1-20c40"',
110 silly get     age: '13617',
110 silly get     connection: 'keep-alive',
110 silly get     'x-served-by': 'cache-hhn1528-HHN',
110 silly get     'x-cache': 'HIT',
110 silly get     'x-cache-hits': '301',
110 silly get     'x-timer': 'S1518519563.372798,VS0,VE0',
110 silly get     vary: 'Accept-Encoding, Accept' } ]
111 verbose etag https://registry.npmjs.org/nan from cache
112 verbose get saving nan to C:\Users\NB01\AppData\Roaming\npm-cache\registry.npmjs.org\nan\.cache.json
113 verbose correctMkdir C:\Users\NB01\AppData\Roaming\npm-cache correctMkdir not in flight; initializing
114 silly resolveWithNewModule nan@2.3.5 checking installable status
115 silly cache add args [ 'nan@2.3.5', null ]
116 verbose cache add spec nan@2.3.5
117 silly cache add parsed spec Result {
117 silly cache add   raw: 'nan@2.3.5',
117 silly cache add   scope: null,
117 silly cache add   escapedName: 'nan',
117 silly cache add   name: 'nan',
117 silly cache add   rawSpec: '2.3.5',
117 silly cache add   spec: '2.3.5',
117 silly cache add   type: 'version' }
118 silly addNamed nan@2.3.5
119 verbose addNamed "2.3.5" is a plain semver version for nan
120 silly mapToRegistry name nan
121 silly mapToRegistry using default registry
122 silly mapToRegistry registry https://registry.npmjs.org/
123 silly mapToRegistry data Result {
123 silly mapToRegistry   raw: 'nan',
123 silly mapToRegistry   scope: null,
123 silly mapToRegistry   escapedName: 'nan',
123 silly mapToRegistry   name: 'nan',
123 silly mapToRegistry   rawSpec: '',
123 silly mapToRegistry   spec: 'latest',
123 silly mapToRegistry   type: 'tag' }
124 silly mapToRegistry uri https://registry.npmjs.org/nan
125 verbose addNameVersion registry:https://registry.npmjs.org/nan not in flight; fetching
126 verbose get https://registry.npmjs.org/nan not expired, no request
127 silly cache afterAdd nan@2.3.5
128 verbose afterAdd C:\Users\NB01\AppData\Roaming\npm-cache\nan\2.3.5\package\package.json not in flight; writing
129 verbose correctMkdir C:\Users\NB01\AppData\Roaming\npm-cache correctMkdir not in flight; initializing
130 verbose afterAdd C:\Users\NB01\AppData\Roaming\npm-cache\nan\2.3.5\package\package.json written
131 silly fetchNamedPackageData fsevents
132 silly mapToRegistry name fsevents
133 silly mapToRegistry using default registry
134 silly mapToRegistry registry https://registry.npmjs.org/
135 silly mapToRegistry data Result {
135 silly mapToRegistry   raw: 'fsevents',
135 silly mapToRegistry   scope: null,
135 silly mapToRegistry   escapedName: 'fsevents',
135 silly mapToRegistry   name: 'fsevents',
135 silly mapToRegistry   rawSpec: '',
135 silly mapToRegistry   spec: 'latest',
135 silly mapToRegistry   type: 'tag' }
136 silly mapToRegistry uri https://registry.npmjs.org/fsevents
137 verbose request uri https://registry.npmjs.org/fsevents
138 verbose request no auth needed
139 info attempt registry request try #1 at 11:58:58 AM
140 verbose etag "5a7fa6de-e526"
141 verbose lastModified Sun, 11 Feb 2018 2:13:50 GMT
142 http request GET https://registry.npmjs.org/fsevents
143 http 304 https://registry.npmjs.org/fsevents
144 verbose headers { date: 'Tue, 13 Feb 2018 10:59:23 GMT',
144 verbose headers   via: '1.1 varnish',
144 verbose headers   'cache-control': 'max-age=300',
144 verbose headers   etag: '"5a7fa6de-e526"',
144 verbose headers   age: '1717',
144 verbose headers   connection: 'keep-alive',
144 verbose headers   'x-served-by': 'cache-hhn1543-HHN',
144 verbose headers   'x-cache': 'HIT',
144 verbose headers   'x-cache-hits': '128',
144 verbose headers   'x-timer': 'S1518519564.999475,VS0,VE0',
144 verbose headers   vary: 'Accept-Encoding, Accept' }
145 silly get cb [ 304,
145 silly get   { date: 'Tue, 13 Feb 2018 10:59:23 GMT',
145 silly get     via: '1.1 varnish',
145 silly get     'cache-control': 'max-age=300',
145 silly get     etag: '"5a7fa6de-e526"',
145 silly get     age: '1717',
145 silly get     connection: 'keep-alive',
145 silly get     'x-served-by': 'cache-hhn1543-HHN',
145 silly get     'x-cache': 'HIT',
145 silly get     'x-cache-hits': '128',
145 silly get     'x-timer': 'S1518519564.999475,VS0,VE0',
145 silly get     vary: 'Accept-Encoding, Accept' } ]
146 verbose etag https://registry.npmjs.org/fsevents from cache
147 verbose get saving fsevents to C:\Users\NB01\AppData\Roaming\npm-cache\registry.npmjs.org\fsevents\.cache.json
148 verbose correctMkdir C:\Users\NB01\AppData\Roaming\npm-cache correctMkdir not in flight; initializing
149 silly resolveWithNewModule fsevents@1.1.3 checking installable status
150 silly fetchNamedPackageData fsevents
151 silly mapToRegistry name fsevents
152 silly mapToRegistry using default registry
153 silly mapToRegistry registry https://registry.npmjs.org/
154 silly mapToRegistry data Result {
154 silly mapToRegistry   raw: 'fsevents',
154 silly mapToRegistry   scope: null,
154 silly mapToRegistry   escapedName: 'fsevents',
154 silly mapToRegistry   name: 'fsevents',
154 silly mapToRegistry   rawSpec: '',
154 silly mapToRegistry   spec: 'latest',
154 silly mapToRegistry   type: 'tag' }
155 silly mapToRegistry uri https://registry.npmjs.org/fsevents
156 silly resolveWithNewModule fsevents@1.1.3 checking installable status
157 silly loadAllDepsIntoIdealTree Finishing
158 silly loadIdealTree Finishing
159 silly currentTree techdegree-fullstackjs-course-review-rest-api@1.0.0
159 silly currentTree +-- abbrev@1.1.1
159 silly currentTree +-- accepts@1.3.4
159 silly currentTree +-- acorn-jsx@3.0.1
159 silly currentTree | `-- acorn@3.3.0
159 silly currentTree +-- acorn@5.4.1
159 silly currentTree +-- ajv-keywords@1.5.1
159 silly currentTree +-- ajv@4.11.8
159 silly currentTree +-- align-text@0.1.4
159 silly currentTree | `-- kind-of@3.2.2
159 silly currentTree +-- amdefine@1.0.1
159 silly currentTree +-- angular-route@1.6.9
159 silly currentTree +-- angular-sanitize@1.6.9
159 silly currentTree +-- angular@1.6.9
159 silly currentTree +-- ansi-align@2.0.0
159 silly currentTree | +-- ansi-regex@3.0.0
159 silly currentTree | +-- is-fullwidth-code-point@2.0.0
159 silly currentTree | +-- string-width@2.1.1
159 silly currentTree | `-- strip-ansi@4.0.0
159 silly currentTree +-- ansi-escapes@1.4.0
159 silly currentTree +-- ansi-regex@2.1.1
159 silly currentTree +-- ansi-styles@2.2.1
159 silly currentTree +-- anymatch@2.0.0
159 silly currentTree +-- argparse@1.0.9
159 silly currentTree +-- arr-diff@4.0.0
159 silly currentTree +-- arr-flatten@1.1.0
159 silly currentTree +-- arr-union@3.1.0
159 silly currentTree +-- array-flatten@1.1.1
159 silly currentTree +-- array-union@1.0.2
159 silly currentTree +-- array-uniq@1.0.3
159 silly currentTree +-- array-unique@0.3.2
159 silly currentTree +-- arrify@1.0.1
159 silly currentTree +-- assert@1.4.1
159 silly currentTree +-- assign-symbols@1.0.0
159 silly currentTree +-- async-each@1.0.1
159 silly currentTree +-- async@2.1.4
159 silly currentTree +-- atob@2.0.3
159 silly currentTree +-- babel-code-frame@6.26.0
159 silly currentTree +-- balanced-match@1.0.0
159 silly currentTree +-- base@0.11.2
159 silly currentTree +-- base64-js@1.2.1
159 silly currentTree +-- basic-auth@1.1.0
159 silly currentTree +-- bcrypt-nodejs@0.0.3
159 silly currentTree +-- big.js@3.2.0
159 silly currentTree +-- binary-extensions@1.11.0
159 silly currentTree +-- bluebird@3.5.1
159 silly currentTree +-- body-parser@1.18.2
159 silly currentTree +-- boxen@1.3.0
159 silly currentTree | +-- ansi-regex@3.0.0
159 silly currentTree | +-- ansi-styles@3.2.0
159 silly currentTree | +-- chalk@2.3.1
159 silly currentTree | +-- is-fullwidth-code-point@2.0.0
159 silly currentTree | +-- string-width@2.1.1
159 silly currentTree | +-- strip-ansi@4.0.0
159 silly currentTree | `-- supports-color@5.2.0
159 silly currentTree +-- brace-expansion@1.1.11
159 silly currentTree +-- braces@2.3.0
159 silly currentTree +-- browserify-aes@0.4.0
159 silly currentTree +-- browserify-zlib@0.1.4
159 silly currentTree +-- bson@1.0.4
159 silly currentTree +-- buffer-shims@1.0.0
159 silly currentTree +-- buffer@4.9.1
159 silly currentTree +-- builtin-status-codes@3.0.0
159 silly currentTree +-- bytes@3.0.0
159 silly currentTree +-- cache-base@1.0.1
159 silly currentTree +-- caller-path@0.1.0
159 silly currentTree +-- callsites@0.2.0
159 silly currentTree +-- camelcase@4.1.0
159 silly currentTree +-- capture-stack-trace@1.0.0
159 silly currentTree +-- center-align@0.1.3
159 silly currentTree | `-- lazy-cache@1.0.4
159 silly currentTree +-- chalk@1.1.3
159 silly currentTree +-- chokidar@2.0.1
159 silly currentTree +-- circular-json@0.3.3
159 silly currentTree +-- class-utils@0.3.6
159 silly currentTree | +-- define-property@0.2.5
159 silly currentTree | +-- is-accessor-descriptor@0.1.6
159 silly currentTree | | `-- kind-of@3.2.2
159 silly currentTree | +-- is-data-descriptor@0.1.4
159 silly currentTree | | `-- kind-of@3.2.2
159 silly currentTree | +-- is-descriptor@0.1.6
159 silly currentTree | `-- kind-of@5.1.0
159 silly currentTree +-- cli-boxes@1.0.0
159 silly currentTree +-- cli-cursor@1.0.2
159 silly currentTree +-- cli-width@2.2.0
159 silly currentTree +-- cliui@4.0.0
159 silly currentTree | +-- ansi-regex@3.0.0
159 silly currentTree | +-- is-fullwidth-code-point@2.0.0
159 silly currentTree | +-- string-width@2.1.1
159 silly currentTree | `-- strip-ansi@4.0.0
159 silly currentTree +-- clone@1.0.3
159 silly currentTree +-- co@4.6.0
159 silly currentTree +-- code-point-at@1.1.0
159 silly currentTree +-- collection-visit@1.0.0
159 silly currentTree +-- color-convert@1.9.1
159 silly currentTree +-- color-name@1.1.3
159 silly currentTree +-- component-emitter@1.2.1
159 silly currentTree +-- concat-map@0.0.1
159 silly currentTree +-- concat-stream@1.6.0
159 silly currentTree +-- configstore@3.1.1
159 silly currentTree +-- connect-flash@0.1.1
159 silly currentTree +-- connect-mongo@1.3.2
159 silly currentTree +-- console-browserify@1.1.0
159 silly currentTree +-- constants-browserify@1.0.0
159 silly currentTree +-- content-disposition@0.5.2
159 silly currentTree +-- content-type@1.0.4
159 silly currentTree +-- cookie-parser@1.4.3
159 silly currentTree +-- cookie-signature@1.0.6
159 silly currentTree +-- cookie@0.3.1
159 silly currentTree +-- copy-descriptor@0.1.1
159 silly currentTree +-- core-util-is@1.0.2
159 silly currentTree +-- crc@3.4.4
159 silly currentTree +-- create-error-class@3.0.2
159 silly currentTree +-- cross-spawn@5.1.0
159 silly currentTree +-- crypto-browserify@3.3.0
159 silly currentTree +-- crypto-random-string@1.0.0
159 silly currentTree +-- d@1.0.0
159 silly currentTree +-- date-now@0.1.4
159 silly currentTree +-- debug@2.6.9
159 silly currentTree +-- decamelize@1.2.0
159 silly currentTree +-- decode-uri-component@0.2.0
159 silly currentTree +-- deep-extend@0.4.2
159 silly currentTree +-- deep-is@0.1.3
159 silly currentTree +-- define-property@1.0.0
159 silly currentTree +-- del@2.2.2
159 silly currentTree +-- depd@1.1.2
159 silly currentTree +-- destroy@1.0.4
159 silly currentTree +-- doctrine@2.1.0
159 silly currentTree +-- domain-browser@1.2.0
159 silly currentTree +-- dot-prop@4.2.0
159 silly currentTree +-- duplexer@0.1.1
159 silly currentTree +-- duplexer3@0.1.4
159 silly currentTree +-- ee-first@1.1.1
159 silly currentTree +-- emojis-list@2.1.0
159 silly currentTree +-- encodeurl@1.0.2
159 silly currentTree +-- enhanced-resolve@0.9.1
159 silly currentTree | `-- memory-fs@0.2.0
159 silly currentTree +-- errno@0.1.6
159 silly currentTree +-- es5-ext@0.10.38
159 silly currentTree +-- es6-iterator@2.0.3
159 silly currentTree +-- es6-map@0.1.5
159 silly currentTree +-- es6-promise@3.2.1
159 silly currentTree +-- es6-set@0.1.5
159 silly currentTree +-- es6-symbol@3.1.1
159 silly currentTree +-- es6-weak-map@2.0.2
159 silly currentTree +-- escape-html@1.0.3
159 silly currentTree +-- escape-string-regexp@1.0.5
159 silly currentTree +-- escope@3.6.0
159 silly currentTree +-- eslint-config-standard@6.2.1
159 silly currentTree +-- eslint-plugin-promise@2.0.1
159 silly currentTree +-- eslint-plugin-standard@2.3.1
159 silly currentTree +-- eslint@3.19.0
159 silly currentTree +-- espree@3.5.3
159 silly currentTree +-- esprima@4.0.0
159 silly currentTree +-- esquery@1.0.0
159 silly currentTree +-- esrecurse@4.2.0
159 silly currentTree +-- estraverse@4.2.0
159 silly currentTree +-- esutils@2.0.2
159 silly currentTree +-- etag@1.8.1
159 silly currentTree +-- event-emitter@0.3.5
159 silly currentTree +-- event-stream@3.3.4
159 silly currentTree +-- events@1.1.1
159 silly currentTree +-- execa@0.7.0
159 silly currentTree +-- exit-hook@1.1.1
159 silly currentTree +-- expand-brackets@2.1.4
159 silly currentTree | +-- define-property@0.2.5
159 silly currentTree | +-- is-accessor-descriptor@0.1.6
159 silly currentTree | | `-- kind-of@3.2.2
159 silly currentTree | +-- is-data-descriptor@0.1.4
159 silly currentTree | | `-- kind-of@3.2.2
159 silly currentTree | +-- is-descriptor@0.1.6
159 silly currentTree | `-- kind-of@5.1.0
159 silly currentTree +-- expand-range@1.8.2
159 silly currentTree | +-- fill-range@2.2.3
159 silly currentTree | +-- is-number@2.1.0
159 silly currentTree | +-- isobject@2.1.0
159 silly currentTree | `-- kind-of@3.2.2
159 silly currentTree +-- express-session@1.15.6
159 silly currentTree +-- express@4.16.2
159 silly currentTree | +-- setprototypeof@1.1.0
159 silly currentTree | `-- statuses@1.3.1
159 silly currentTree +-- extend-shallow@2.0.1
159 silly currentTree +-- extend@3.0.1
159 silly currentTree +-- extglob@2.0.4
159 silly currentTree +-- fast-levenshtein@2.0.6
159 silly currentTree +-- figures@1.7.0
159 silly currentTree +-- file-entry-cache@2.0.0
159 silly currentTree +-- filename-regex@2.0.1
159 silly currentTree +-- fill-range@4.0.0
159 silly currentTree +-- finalhandler@1.1.0
159 silly currentTree | `-- statuses@1.3.1
159 silly currentTree +-- find-up@2.1.0
159 silly currentTree +-- flash@1.1.0
159 silly currentTree +-- flat-cache@1.3.0
159 silly currentTree +-- for-in@1.0.2
159 silly currentTree +-- for-own@0.1.5
159 silly currentTree +-- forwarded@0.1.2
159 silly currentTree +-- fragment-cache@0.2.1
159 silly currentTree +-- fresh@0.5.2
159 silly currentTree +-- from@0.1.7
159 silly currentTree +-- fs.realpath@1.0.0
159 silly currentTree +-- generate-function@2.0.0
159 silly currentTree +-- generate-object-property@1.2.0
159 silly currentTree +-- generaterr@1.5.0
159 silly currentTree +-- get-caller-file@1.0.2
159 silly currentTree +-- get-stream@3.0.0
159 silly currentTree +-- get-value@2.0.6
159 silly currentTree +-- glob-base@0.3.0
159 silly currentTree | +-- glob-parent@2.0.0
159 silly currentTree | +-- is-extglob@1.0.0
159 silly currentTree | `-- is-glob@2.0.1
159 silly currentTree +-- glob-parent@3.1.0
159 silly currentTree | `-- is-glob@3.1.0
159 silly currentTree +-- glob@7.1.2
159 silly currentTree +-- global-dirs@0.1.1
159 silly currentTree +-- globals@9.18.0
159 silly currentTree +-- globby@5.0.0
159 silly currentTree +-- got@6.7.1
159 silly currentTree +-- graceful-fs@4.1.11
159 silly currentTree +-- has-ansi@2.0.0
159 silly currentTree +-- has-flag@3.0.0
159 silly currentTree +-- has-value@1.0.0
159 silly currentTree +-- has-values@1.0.0
159 silly currentTree | `-- kind-of@4.0.0
159 silly currentTree +-- hooks-fixed@2.0.2
159 silly currentTree +-- http-errors@1.6.2
159 silly currentTree | `-- depd@1.1.1
159 silly currentTree +-- https-browserify@0.0.1
159 silly currentTree +-- iconv-lite@0.4.19
159 silly currentTree +-- ieee754@1.1.8
159 silly currentTree +-- ignore-by-default@1.0.1
159 silly currentTree +-- ignore@3.3.7
159 silly currentTree +-- import-lazy@2.1.0
159 silly currentTree +-- imurmurhash@0.1.4
159 silly currentTree +-- indexof@0.0.1
159 silly currentTree +-- inflight@1.0.6
159 silly currentTree +-- inherits@2.0.3
159 silly currentTree +-- ini@1.3.5
159 silly currentTree +-- inquirer@0.12.0
159 silly currentTree +-- interpret@1.1.0
159 silly currentTree +-- invert-kv@1.0.0
159 silly currentTree +-- ipaddr.js@1.5.2
159 silly currentTree +-- is-accessor-descriptor@1.0.0
159 silly currentTree +-- is-binary-path@1.0.1
159 silly currentTree +-- is-buffer@1.1.6
159 silly currentTree +-- is-data-descriptor@1.0.0
159 silly currentTree +-- is-descriptor@1.0.2
159 silly currentTree +-- is-dotfile@1.0.3
159 silly currentTree +-- is-equal-shallow@0.1.3
159 silly currentTree +-- is-extendable@0.1.1
159 silly currentTree +-- is-extglob@2.1.1
159 silly currentTree +-- is-fullwidth-code-point@1.0.0
159 silly currentTree +-- is-glob@4.0.0
159 silly currentTree +-- is-installed-globally@0.1.0
159 silly currentTree +-- is-my-json-valid@2.17.1
159 silly currentTree +-- is-npm@1.0.0
159 silly currentTree +-- is-number@3.0.0
159 silly currentTree | `-- kind-of@3.2.2
159 silly currentTree +-- is-obj@1.0.1
159 silly currentTree +-- is-odd@1.0.0
159 silly currentTree +-- is-path-cwd@1.0.0
159 silly currentTree +-- is-path-in-cwd@1.0.0
159 silly currentTree +-- is-path-inside@1.0.1
159 silly currentTree +-- is-plain-object@2.0.4
159 silly currentTree +-- is-posix-bracket@0.1.1
159 silly currentTree +-- is-primitive@2.0.0
159 silly currentTree +-- is-property@1.0.2
159 silly currentTree +-- is-redirect@1.0.0
159 silly currentTree +-- is-resolvable@1.1.0
159 silly currentTree +-- is-retry-allowed@1.1.0
159 silly currentTree +-- is-stream@1.1.0
159 silly currentTree +-- isarray@1.0.0
159 silly currentTree +-- isexe@2.0.0
159 silly currentTree +-- isobject@3.0.1
159 silly currentTree +-- jquery@2.2.4
159 silly currentTree +-- js-tokens@3.0.2
159 silly currentTree +-- js-yaml@3.10.0
159 silly currentTree +-- json-stable-stringify@1.0.1
159 silly currentTree +-- json5@0.5.1
159 silly currentTree +-- jsonify@0.0.0
159 silly currentTree +-- jsonpointer@4.0.1
159 silly currentTree +-- kareem@1.5.0
159 silly currentTree +-- kind-of@6.0.2
159 silly currentTree +-- latest-version@3.1.0
159 silly currentTree +-- lazy-cache@2.0.2
159 silly currentTree +-- lcid@1.0.0
159 silly currentTree +-- levn@0.3.0
159 silly currentTree +-- loader-utils@0.2.17
159 silly currentTree +-- locate-path@2.0.0
159 silly currentTree +-- lodash.get@4.4.2
159 silly currentTree +-- lodash@4.17.5
159 silly currentTree +-- longest@1.0.1
159 silly currentTree +-- lowercase-keys@1.0.0
159 silly currentTree +-- lru-cache@4.1.1
159 silly currentTree +-- make-dir@1.1.0
159 silly currentTree | `-- pify@3.0.0
159 silly currentTree +-- map-cache@0.2.2
159 silly currentTree +-- map-stream@0.1.0
159 silly currentTree +-- map-visit@1.0.0
159 silly currentTree +-- media-typer@0.3.0
159 silly currentTree +-- mem@1.1.0
159 silly currentTree +-- memory-fs@0.3.0
159 silly currentTree +-- merge-descriptors@1.0.1
159 silly currentTree +-- method-override@2.3.10
159 silly currentTree +-- methods@1.1.2
159 silly currentTree +-- micromatch@3.1.5
159 silly currentTree +-- mime-db@1.30.0
159 silly currentTree +-- mime-types@2.1.17
159 silly currentTree +-- mime@1.4.1
159 silly currentTree +-- mimic-fn@1.2.0
159 silly currentTree +-- minimatch@3.0.4
159 silly currentTree +-- minimist@0.0.8
159 silly currentTree +-- mixin-deep@1.3.1
159 silly currentTree | `-- is-extendable@1.0.1
159 silly currentTree +-- mkdirp@0.5.1
159 silly currentTree +-- mongodb-core@2.1.18
159 silly currentTree +-- mongodb@2.2.34
159 silly currentTree +-- mongoose-auto-increment@5.0.1
159 silly currentTree +-- mongoose-int32@0.1.0
159 silly currentTree +-- mongoose-integer@0.1.1
159 silly currentTree +-- mongoose-seeder@1.2.1
159 silly currentTree | +-- async@0.9.2
159 silly currentTree | `-- lodash@3.10.1
159 silly currentTree +-- mongoose-type-email@1.0.5
159 silly currentTree +-- mongoose@4.13.11
159 silly currentTree +-- morgan@1.9.0
159 silly currentTree | `-- basic-auth@2.0.0
159 silly currentTree +-- mpath@0.3.0
159 silly currentTree +-- mpromise@0.5.5
159 silly currentTree +-- mquery@2.3.3
159 silly currentTree | +-- bluebird@3.5.0
159 silly currentTree | `-- sliced@0.0.5
159 silly currentTree +-- ms@2.0.0
159 silly currentTree +-- muri@1.3.0
159 silly currentTree +-- mute-stream@0.0.5
159 silly currentTree +-- nanomatch@1.2.7
159 silly currentTree | `-- kind-of@5.1.0
159 silly currentTree +-- natural-compare@1.4.0
159 silly currentTree +-- negotiator@0.6.1
159 silly currentTree +-- node-libs-browser@0.7.0
159 silly currentTree | `-- string_decoder@0.10.31
159 silly currentTree +-- nodemon@1.14.12
159 silly currentTree | `-- debug@3.1.0
159 silly currentTree +-- nopt@1.0.10
159 silly currentTree +-- normalize-path@2.1.1
159 silly currentTree +-- npm-run-path@2.0.2
159 silly currentTree +-- number-is-nan@1.0.1
159 silly currentTree +-- object-assign@4.1.1
159 silly currentTree +-- object-copy@0.1.0
159 silly currentTree | +-- define-property@0.2.5
159 silly currentTree | +-- is-accessor-descriptor@0.1.6
159 silly currentTree | +-- is-data-descriptor@0.1.4
159 silly currentTree | +-- is-descriptor@0.1.6
159 silly currentTree | | `-- kind-of@5.1.0
159 silly currentTree | `-- kind-of@3.2.2
159 silly currentTree +-- object-visit@1.0.1
159 silly currentTree +-- object.omit@2.0.1
159 silly currentTree +-- object.pick@1.3.0
159 silly currentTree +-- on-finished@2.3.0
159 silly currentTree +-- on-headers@1.0.1
159 silly currentTree +-- once@1.4.0
159 silly currentTree +-- onetime@1.1.0
159 silly currentTree +-- optimist@0.6.1
159 silly currentTree | `-- wordwrap@0.0.3
159 silly currentTree +-- optionator@0.8.2
159 silly currentTree +-- os-browserify@0.2.1
159 silly currentTree +-- os-homedir@1.0.2
159 silly currentTree +-- os-locale@2.1.0
159 silly currentTree +-- p-finally@1.0.0
159 silly currentTree +-- p-limit@1.2.0
159 silly currentTree +-- p-locate@2.0.0
159 silly currentTree +-- p-try@1.0.0
159 silly currentTree +-- package-json@4.0.1
159 silly currentTree +-- pako@0.2.9
159 silly currentTree +-- parse-glob@3.0.4
159 silly currentTree | +-- is-extglob@1.0.0
159 silly currentTree | `-- is-glob@2.0.1
159 silly currentTree +-- parseurl@1.3.2
159 silly currentTree +-- pascalcase@0.1.1
159 silly currentTree +-- passport-local-mongoose-email@0.1.3
159 silly currentTree +-- passport-local-mongoose@4.5.0
159 silly currentTree | `-- debug@3.1.0
159 silly currentTree +-- passport-local@1.0.0
159 silly currentTree +-- passport-strategy@1.0.0
159 silly currentTree +-- passport@0.3.2
159 silly currentTree +-- path-browserify@0.0.0
159 silly currentTree +-- path-dirname@1.0.2
159 silly currentTree +-- path-exists@3.0.0
159 silly currentTree +-- path-is-absolute@1.0.1
159 silly currentTree +-- path-is-inside@1.0.2
159 silly currentTree +-- path-key@2.0.1
159 silly currentTree +-- path-parse@1.0.5
159 silly currentTree +-- path-to-regexp@0.1.7
159 silly currentTree +-- path@0.12.7
159 silly currentTree +-- pause-stream@0.0.11
159 silly currentTree +-- pause@0.0.1
159 silly currentTree +-- pbkdf2-compat@2.0.1
159 silly currentTree +-- pify@2.3.0
159 silly currentTree +-- pinkie-promise@2.0.1
159 silly currentTree +-- pinkie@2.0.4
159 silly currentTree +-- pluralize@1.2.1
159 silly currentTree +-- posix-character-classes@0.1.1
159 silly currentTree +-- prelude-ls@1.1.2
159 silly currentTree +-- prepend-http@1.0.4
159 silly currentTree +-- preserve@0.2.0
159 silly currentTree +-- process-nextick-args@1.0.7
159 silly currentTree +-- process@0.11.10
159 silly currentTree +-- progress@1.1.8
159 silly currentTree +-- proxy-addr@2.0.2
159 silly currentTree +-- prr@1.0.1
159 silly currentTree +-- ps-tree@1.1.0
159 silly currentTree +-- pseudomap@1.0.2
159 silly currentTree +-- pstree.remy@1.1.0
159 silly currentTree +-- punycode@1.4.1
159 silly currentTree +-- q@1.5.1
159 silly currentTree +-- qs@6.5.1
159 silly currentTree +-- querystring-es3@0.2.1
159 silly currentTree +-- querystring@0.2.0
159 silly currentTree +-- random-bytes@1.0.0
159 silly currentTree +-- randomatic@1.1.7
159 silly currentTree | `-- kind-of@4.0.0
159 silly currentTree +-- range-parser@1.2.0
159 silly currentTree +-- raw-body@2.3.2
159 silly currentTree +-- rc@1.2.5
159 silly currentTree | `-- minimist@1.2.0
159 silly currentTree +-- readable-stream@2.2.7
159 silly currentTree +-- readdirp@2.1.0
159 silly currentTree +-- readline2@1.0.1
159 silly currentTree +-- rechoir@0.6.2
159 silly currentTree +-- regex-cache@0.4.4
159 silly currentTree +-- regex-not@1.0.0
159 silly currentTree +-- regexp-clone@0.0.1
159 silly currentTree +-- registry-auth-token@3.3.2
159 silly currentTree +-- registry-url@3.1.0
159 silly currentTree +-- remove-trailing-separator@1.1.0
159 silly currentTree +-- repeat-element@1.1.2
159 silly currentTree +-- repeat-string@1.6.1
159 silly currentTree +-- require_optional@1.0.1
159 silly currentTree +-- require-directory@2.1.1
159 silly currentTree +-- require-main-filename@1.0.1
159 silly currentTree +-- require-uncached@1.0.3
159 silly currentTree | `-- resolve-from@1.0.1
159 silly currentTree +-- resolve-from@2.0.0
159 silly currentTree +-- resolve-url@0.2.1
159 silly currentTree +-- resolve@1.5.0
159 silly currentTree +-- restore-cursor@1.0.1
159 silly currentTree +-- right-align@0.1.3
159 silly currentTree +-- rimraf@2.6.2
159 silly currentTree +-- ripemd160@0.2.0
159 silly currentTree +-- run-async@0.1.0
159 silly currentTree +-- rx-lite@3.1.2
159 silly currentTree +-- safe-buffer@5.1.1
159 silly currentTree +-- scmp@2.0.0
159 silly currentTree +-- semver-diff@2.1.0
159 silly currentTree +-- semver@5.5.0
159 silly currentTree +-- send@0.16.1
159 silly currentTree | `-- statuses@1.3.1
159 silly currentTree +-- serve-static@1.13.1
159 silly currentTree +-- set-blocking@2.0.0
159 silly currentTree +-- set-getter@0.1.0
159 silly currentTree +-- set-immediate-shim@1.0.1
159 silly currentTree +-- set-value@2.0.0
159 silly currentTree +-- setimmediate@1.0.5
159 silly currentTree +-- setprototypeof@1.0.3
159 silly currentTree +-- sha.js@2.2.6
159 silly currentTree +-- shebang-command@1.2.0
159 silly currentTree +-- shebang-regex@1.0.0
159 silly currentTree +-- shelljs@0.7.8
159 silly currentTree +-- showdown@1.8.6
159 silly currentTree +-- signal-exit@3.0.2
159 silly currentTree +-- slice-ansi@0.0.4
159 silly currentTree +-- sliced@1.0.1
159 silly currentTree +-- snapdragon-node@2.1.1
159 silly currentTree +-- snapdragon-util@3.0.1
159 silly currentTree | `-- kind-of@3.2.2
159 silly currentTree +-- snapdragon@0.8.1
159 silly currentTree | +-- define-property@0.2.5
159 silly currentTree | +-- is-accessor-descriptor@0.1.6
159 silly currentTree | | `-- kind-of@3.2.2
159 silly currentTree | +-- is-data-descriptor@0.1.4
159 silly currentTree | | `-- kind-of@3.2.2
159 silly currentTree | +-- is-descriptor@0.1.6
159 silly currentTree | `-- kind-of@5.1.0
159 silly currentTree +-- source-list-map@0.1.8
159 silly currentTree +-- source-map-resolve@0.5.1
159 silly currentTree +-- source-map-url@0.4.0
159 silly currentTree +-- source-map@0.5.7
159 silly currentTree +-- split-string@3.1.0
159 silly currentTree | +-- extend-shallow@3.0.2
159 silly currentTree | `-- is-extendable@1.0.1
159 silly currentTree +-- split@0.3.3
159 silly currentTree +-- sprintf-js@1.0.3
159 silly currentTree +-- static-extend@0.1.2
159 silly currentTree | +-- define-property@0.2.5
159 silly currentTree | +-- is-accessor-descriptor@0.1.6
159 silly currentTree | | `-- kind-of@3.2.2
159 silly currentTree | +-- is-data-descriptor@0.1.4
159 silly currentTree | | `-- kind-of@3.2.2
159 silly currentTree | +-- is-descriptor@0.1.6
159 silly currentTree | `-- kind-of@5.1.0
159 silly currentTree +-- statuses@1.4.0
159 silly currentTree +-- stream-browserify@2.0.1
159 silly currentTree +-- stream-combiner@0.0.4
159 silly currentTree +-- stream-http@2.8.0
159 silly currentTree | +-- process-nextick-args@2.0.0
159 silly currentTree | `-- readable-stream@2.3.4
159 silly currentTree +-- string_decoder@1.0.3
159 silly currentTree +-- string-width@1.0.2
159 silly currentTree +-- strip-ansi@3.0.1
159 silly currentTree +-- strip-bom@3.0.0
159 silly currentTree +-- strip-eof@1.0.0
159 silly currentTree +-- strip-json-comments@2.0.1
159 silly currentTree +-- supports-color@2.0.0
159 silly currentTree +-- table@3.8.3
159 silly currentTree | +-- ansi-regex@3.0.0
159 silly currentTree | +-- is-fullwidth-code-point@2.0.0
159 silly currentTree | +-- string-width@2.1.1
159 silly currentTree | `-- strip-ansi@4.0.0
159 silly currentTree +-- tapable@0.1.10
159 silly currentTree +-- term-size@1.2.0
159 silly currentTree +-- text-table@0.2.0
159 silly currentTree +-- through@2.3.8
159 silly currentTree +-- timed-out@4.0.1
159 silly currentTree +-- timers-browserify@2.0.6
159 silly currentTree +-- to-arraybuffer@1.0.1
159 silly currentTree +-- to-object-path@0.3.0
159 silly currentTree | `-- kind-of@3.2.2
159 silly currentTree +-- to-regex-range@2.1.1
159 silly currentTree +-- to-regex@3.0.1
159 silly currentTree | +-- define-property@0.2.5
159 silly currentTree | +-- is-accessor-descriptor@0.1.6
159 silly currentTree | | `-- kind-of@3.2.2
159 silly currentTree | +-- is-data-descriptor@0.1.4
159 silly currentTree | | `-- kind-of@3.2.2
159 silly currentTree | +-- is-descriptor@0.1.6
159 silly currentTree | `-- kind-of@5.1.0
159 silly currentTree +-- toastr@2.1.4
159 silly currentTree +-- touch@3.1.0
159 silly currentTree +-- tty-browserify@0.0.0
159 silly currentTree +-- type-check@0.3.2
159 silly currentTree +-- type-is@1.6.15
159 silly currentTree +-- typedarray@0.0.6
159 silly currentTree +-- uglify-js@2.7.5
159 silly currentTree | +-- async@0.2.10
159 silly currentTree | +-- camelcase@1.2.1
159 silly currentTree | +-- cliui@2.1.0
159 silly currentTree | +-- wordwrap@0.0.2
159 silly currentTree | `-- yargs@3.10.0
159 silly currentTree +-- uglify-to-browserify@1.0.2
159 silly currentTree +-- uid-safe@2.1.5
159 silly currentTree +-- undefsafe@2.0.1
159 silly currentTree +-- underscore.string@2.3.3
159 silly currentTree +-- underscore@1.8.3
159 silly currentTree +-- union-value@1.0.0
159 silly currentTree | `-- set-value@0.4.3
159 silly currentTree +-- unique-string@1.0.0
159 silly currentTree +-- unpipe@1.0.0
159 silly currentTree +-- unset-value@1.0.0
159 silly currentTree | +-- has-value@0.3.1
159 silly currentTree | | `-- isobject@2.1.0
159 silly currentTree | `-- has-values@0.1.4
159 silly currentTree +-- unzip-response@2.0.1
159 silly currentTree +-- upath@1.0.0
159 silly currentTree | `-- lodash@3.10.1
159 silly currentTree +-- update-notifier@2.3.0
159 silly currentTree | +-- ansi-styles@3.2.0
159 silly currentTree | +-- chalk@2.3.1
159 silly currentTree | `-- supports-color@5.2.0
159 silly currentTree +-- urix@0.1.0
159 silly currentTree +-- url-parse-lax@1.0.0
159 silly currentTree +-- url@0.11.0
159 silly currentTree | `-- punycode@1.3.2
159 silly currentTree +-- use@2.0.2
159 silly currentTree | +-- define-property@0.2.5
159 silly currentTree | +-- is-accessor-descriptor@0.1.6
159 silly currentTree | | `-- kind-of@3.2.2
159 silly currentTree | +-- is-data-descriptor@0.1.4
159 silly currentTree | | `-- kind-of@3.2.2
159 silly currentTree | +-- is-descriptor@0.1.6
159 silly currentTree | `-- kind-of@5.1.0
159 silly currentTree +-- user-home@2.0.0
159 silly currentTree +-- util-deprecate@1.0.2
159 silly currentTree +-- util@0.10.3
159 silly currentTree | `-- inherits@2.0.1
159 silly currentTree +-- utils-merge@1.0.1
159 silly currentTree +-- validator@5.7.0
159 silly currentTree +-- vary@1.1.2
159 silly currentTree +-- vm-browserify@0.0.4
159 silly currentTree +-- watchpack@0.2.9
159 silly currentTree | +-- anymatch@1.3.2
159 silly currentTree | +-- arr-diff@2.0.0
159 silly currentTree | +-- array-unique@0.2.1
159 silly currentTree | +-- async@0.9.2
159 silly currentTree | +-- braces@1.8.5
159 silly currentTree | +-- chokidar@1.7.0
159 silly currentTree | +-- expand-brackets@0.1.5
159 silly currentTree | +-- extglob@0.3.2
159 silly currentTree | +-- glob-parent@2.0.0
159 silly currentTree | +-- is-extglob@1.0.0
159 silly currentTree | +-- is-glob@2.0.1
159 silly currentTree | +-- kind-of@3.2.2
159 silly currentTree | `-- micromatch@2.3.11
159 silly currentTree +-- webpack-core@0.6.9
159 silly currentTree | `-- source-map@0.4.4
159 silly currentTree +-- webpack@1.15.0
159 silly currentTree | +-- acorn@3.3.0
159 silly currentTree | +-- async@1.5.2
159 silly currentTree | +-- has-flag@1.0.0
159 silly currentTree | +-- interpret@0.6.6
159 silly currentTree | `-- supports-color@3.2.3
159 silly currentTree +-- which-module@2.0.0
159 silly currentTree +-- which@1.3.0
159 silly currentTree +-- widest-line@2.0.0
159 silly currentTree | +-- ansi-regex@3.0.0
159 silly currentTree | +-- is-fullwidth-code-point@2.0.0
159 silly currentTree | +-- string-width@2.1.1
159 silly currentTree | `-- strip-ansi@4.0.0
159 silly currentTree +-- window-size@0.1.0
159 silly currentTree +-- wordwrap@1.0.0
159 silly currentTree +-- wrap-ansi@2.1.0
159 silly currentTree +-- wrappy@1.0.2
159 silly currentTree +-- write-file-atomic@2.3.0
159 silly currentTree +-- write@0.2.1
159 silly currentTree +-- xdg-basedir@3.0.0
159 silly currentTree +-- xtend@4.0.1
159 silly currentTree +-- y18n@3.2.1
159 silly currentTree +-- yallist@2.1.2
159 silly currentTree +-- yargs-parser@8.1.0
159 silly currentTree `-- yargs@10.1.2
159 silly currentTree   +-- ansi-regex@3.0.0
159 silly currentTree   +-- is-fullwidth-code-point@2.0.0
159 silly currentTree   +-- string-width@2.1.1
159 silly currentTree   `-- strip-ansi@4.0.0
160 silly idealTree techdegree-fullstackjs-course-review-rest-api@1.0.0
160 silly idealTree +-- abbrev@1.1.1
160 silly idealTree +-- accepts@1.3.4
160 silly idealTree +-- acorn-jsx@3.0.1
160 silly idealTree | `-- acorn@3.3.0
160 silly idealTree +-- acorn@5.4.1
160 silly idealTree +-- ajv-keywords@1.5.1
160 silly idealTree +-- ajv@4.11.8
160 silly idealTree +-- align-text@0.1.4
160 silly idealTree | `-- kind-of@3.2.2
160 silly idealTree +-- amdefine@1.0.1
160 silly idealTree +-- angular-route@1.6.9
160 silly idealTree +-- angular-sanitize@1.6.9
160 silly idealTree +-- angular@1.6.9
160 silly idealTree +-- ansi-align@2.0.0
160 silly idealTree | +-- ansi-regex@3.0.0
160 silly idealTree | +-- is-fullwidth-code-point@2.0.0
160 silly idealTree | +-- string-width@2.1.1
160 silly idealTree | `-- strip-ansi@4.0.0
160 silly idealTree +-- ansi-escapes@1.4.0
160 silly idealTree +-- ansi-regex@2.1.1
160 silly idealTree +-- ansi-styles@2.2.1
160 silly idealTree +-- anymatch@2.0.0
160 silly idealTree +-- argparse@1.0.9
160 silly idealTree +-- arr-diff@4.0.0
160 silly idealTree +-- arr-flatten@1.1.0
160 silly idealTree +-- arr-union@3.1.0
160 silly idealTree +-- array-flatten@1.1.1
160 silly idealTree +-- array-union@1.0.2
160 silly idealTree +-- array-uniq@1.0.3
160 silly idealTree +-- array-unique@0.3.2
160 silly idealTree +-- arrify@1.0.1
160 silly idealTree +-- assert@1.4.1
160 silly idealTree +-- assign-symbols@1.0.0
160 silly idealTree +-- async-each@1.0.1
160 silly idealTree +-- async@2.1.4
160 silly idealTree +-- atob@2.0.3
160 silly idealTree +-- babel-code-frame@6.26.0
160 silly idealTree +-- balanced-match@1.0.0
160 silly idealTree +-- base@0.11.2
160 silly idealTree +-- base64-js@1.2.1
160 silly idealTree +-- basic-auth@1.1.0
160 silly idealTree +-- bcrypt-nodejs@0.0.3
160 silly idealTree +-- bcrypt@0.8.7
160 silly idealTree +-- big.js@3.2.0
160 silly idealTree +-- binary-extensions@1.11.0
160 silly idealTree +-- bindings@1.2.1
160 silly idealTree +-- bluebird@3.5.1
160 silly idealTree +-- body-parser@1.18.2
160 silly idealTree +-- boxen@1.3.0
160 silly idealTree | +-- ansi-regex@3.0.0
160 silly idealTree | +-- ansi-styles@3.2.0
160 silly idealTree | +-- chalk@2.3.1
160 silly idealTree | +-- is-fullwidth-code-point@2.0.0
160 silly idealTree | +-- string-width@2.1.1
160 silly idealTree | +-- strip-ansi@4.0.0
160 silly idealTree | `-- supports-color@5.2.0
160 silly idealTree +-- brace-expansion@1.1.11
160 silly idealTree +-- braces@2.3.0
160 silly idealTree +-- browserify-aes@0.4.0
160 silly idealTree +-- browserify-zlib@0.1.4
160 silly idealTree +-- bson@1.0.4
160 silly idealTree +-- buffer-shims@1.0.0
160 silly idealTree +-- buffer@4.9.1
160 silly idealTree +-- builtin-status-codes@3.0.0
160 silly idealTree +-- bytes@3.0.0
160 silly idealTree +-- cache-base@1.0.1
160 silly idealTree +-- caller-path@0.1.0
160 silly idealTree +-- callsites@0.2.0
160 silly idealTree +-- camelcase@4.1.0
160 silly idealTree +-- capture-stack-trace@1.0.0
160 silly idealTree +-- center-align@0.1.3
160 silly idealTree | `-- lazy-cache@1.0.4
160 silly idealTree +-- chalk@1.1.3
160 silly idealTree +-- chokidar@2.0.1
160 silly idealTree +-- circular-json@0.3.3
160 silly idealTree +-- class-utils@0.3.6
160 silly idealTree | +-- define-property@0.2.5
160 silly idealTree | +-- is-accessor-descriptor@0.1.6
160 silly idealTree | | `-- kind-of@3.2.2
160 silly idealTree | +-- is-data-descriptor@0.1.4
160 silly idealTree | | `-- kind-of@3.2.2
160 silly idealTree | +-- is-descriptor@0.1.6
160 silly idealTree | `-- kind-of@5.1.0
160 silly idealTree +-- cli-boxes@1.0.0
160 silly idealTree +-- cli-cursor@1.0.2
160 silly idealTree +-- cli-width@2.2.0
160 silly idealTree +-- cliui@4.0.0
160 silly idealTree | +-- ansi-regex@3.0.0
160 silly idealTree | +-- is-fullwidth-code-point@2.0.0
160 silly idealTree | +-- string-width@2.1.1
160 silly idealTree | `-- strip-ansi@4.0.0
160 silly idealTree +-- clone@1.0.3
160 silly idealTree +-- co@4.6.0
160 silly idealTree +-- code-point-at@1.1.0
160 silly idealTree +-- collection-visit@1.0.0
160 silly idealTree +-- color-convert@1.9.1
160 silly idealTree +-- color-name@1.1.3
160 silly idealTree +-- component-emitter@1.2.1
160 silly idealTree +-- concat-map@0.0.1
160 silly idealTree +-- concat-stream@1.6.0
160 silly idealTree +-- configstore@3.1.1
160 silly idealTree +-- connect-flash@0.1.1
160 silly idealTree +-- connect-mongo@1.3.2
160 silly idealTree +-- console-browserify@1.1.0
160 silly idealTree +-- constants-browserify@1.0.0
160 silly idealTree +-- content-disposition@0.5.2
160 silly idealTree +-- content-type@1.0.4
160 silly idealTree +-- cookie-parser@1.4.3
160 silly idealTree +-- cookie-signature@1.0.6
160 silly idealTree +-- cookie@0.3.1
160 silly idealTree +-- copy-descriptor@0.1.1
160 silly idealTree +-- core-util-is@1.0.2
160 silly idealTree +-- crc@3.4.4
160 silly idealTree +-- create-error-class@3.0.2
160 silly idealTree +-- cross-spawn@5.1.0
160 silly idealTree +-- crypto-browserify@3.3.0
160 silly idealTree +-- crypto-random-string@1.0.0
160 silly idealTree +-- d@1.0.0
160 silly idealTree +-- date-now@0.1.4
160 silly idealTree +-- debug@2.6.9
160 silly idealTree +-- decamelize@1.2.0
160 silly idealTree +-- decode-uri-component@0.2.0
160 silly idealTree +-- deep-extend@0.4.2
160 silly idealTree +-- deep-is@0.1.3
160 silly idealTree +-- define-property@1.0.0
160 silly idealTree +-- del@2.2.2
160 silly idealTree +-- depd@1.1.2
160 silly idealTree +-- destroy@1.0.4
160 silly idealTree +-- doctrine@2.1.0
160 silly idealTree +-- domain-browser@1.2.0
160 silly idealTree +-- dot-prop@4.2.0
160 silly idealTree +-- duplexer@0.1.1
160 silly idealTree +-- duplexer3@0.1.4
160 silly idealTree +-- ee-first@1.1.1
160 silly idealTree +-- emojis-list@2.1.0
160 silly idealTree +-- encodeurl@1.0.2
160 silly idealTree +-- enhanced-resolve@0.9.1
160 silly idealTree | `-- memory-fs@0.2.0
160 silly idealTree +-- errno@0.1.6
160 silly idealTree +-- es5-ext@0.10.38
160 silly idealTree +-- es6-iterator@2.0.3
160 silly idealTree +-- es6-map@0.1.5
160 silly idealTree +-- es6-promise@3.2.1
160 silly idealTree +-- es6-set@0.1.5
160 silly idealTree +-- es6-symbol@3.1.1
160 silly idealTree +-- es6-weak-map@2.0.2
160 silly idealTree +-- escape-html@1.0.3
160 silly idealTree +-- escape-string-regexp@1.0.5
160 silly idealTree +-- escope@3.6.0
160 silly idealTree +-- eslint-config-standard@6.2.1
160 silly idealTree +-- eslint-plugin-promise@2.0.1
160 silly idealTree +-- eslint-plugin-standard@2.3.1
160 silly idealTree +-- eslint@3.19.0
160 silly idealTree +-- espree@3.5.3
160 silly idealTree +-- esprima@4.0.0
160 silly idealTree +-- esquery@1.0.0
160 silly idealTree +-- esrecurse@4.2.0
160 silly idealTree +-- estraverse@4.2.0
160 silly idealTree +-- esutils@2.0.2
160 silly idealTree +-- etag@1.8.1
160 silly idealTree +-- event-emitter@0.3.5
160 silly idealTree +-- event-stream@3.3.4
160 silly idealTree +-- events@1.1.1
160 silly idealTree +-- execa@0.7.0
160 silly idealTree +-- exit-hook@1.1.1
160 silly idealTree +-- expand-brackets@2.1.4
160 silly idealTree | +-- define-property@0.2.5
160 silly idealTree | +-- is-accessor-descriptor@0.1.6
160 silly idealTree | | `-- kind-of@3.2.2
160 silly idealTree | +-- is-data-descriptor@0.1.4
160 silly idealTree | | `-- kind-of@3.2.2
160 silly idealTree | +-- is-descriptor@0.1.6
160 silly idealTree | `-- kind-of@5.1.0
160 silly idealTree +-- expand-range@1.8.2
160 silly idealTree | +-- fill-range@2.2.3
160 silly idealTree | +-- is-number@2.1.0
160 silly idealTree | +-- isobject@2.1.0
160 silly idealTree | `-- kind-of@3.2.2
160 silly idealTree +-- express-session@1.15.6
160 silly idealTree +-- express@4.16.2
160 silly idealTree | +-- setprototypeof@1.1.0
160 silly idealTree | `-- statuses@1.3.1
160 silly idealTree +-- extend-shallow@2.0.1
160 silly idealTree +-- extend@3.0.1
160 silly idealTree +-- extglob@2.0.4
160 silly idealTree +-- fast-levenshtein@2.0.6
160 silly idealTree +-- figures@1.7.0
160 silly idealTree +-- file-entry-cache@2.0.0
160 silly idealTree +-- filename-regex@2.0.1
160 silly idealTree +-- fill-range@4.0.0
160 silly idealTree +-- finalhandler@1.1.0
160 silly idealTree | `-- statuses@1.3.1
160 silly idealTree +-- find-up@2.1.0
160 silly idealTree +-- flash@1.1.0
160 silly idealTree +-- flat-cache@1.3.0
160 silly idealTree +-- for-in@1.0.2
160 silly idealTree +-- for-own@0.1.5
160 silly idealTree +-- forwarded@0.1.2
160 silly idealTree +-- fragment-cache@0.2.1
160 silly idealTree +-- fresh@0.5.2
160 silly idealTree +-- from@0.1.7
160 silly idealTree +-- fs.realpath@1.0.0
160 silly idealTree +-- generate-function@2.0.0
160 silly idealTree +-- generate-object-property@1.2.0
160 silly idealTree +-- generaterr@1.5.0
160 silly idealTree +-- get-caller-file@1.0.2
160 silly idealTree +-- get-stream@3.0.0
160 silly idealTree +-- get-value@2.0.6
160 silly idealTree +-- glob-base@0.3.0
160 silly idealTree | +-- glob-parent@2.0.0
160 silly idealTree | +-- is-extglob@1.0.0
160 silly idealTree | `-- is-glob@2.0.1
160 silly idealTree +-- glob-parent@3.1.0
160 silly idealTree | `-- is-glob@3.1.0
160 silly idealTree +-- glob@7.1.2
160 silly idealTree +-- global-dirs@0.1.1
160 silly idealTree +-- globals@9.18.0
160 silly idealTree +-- globby@5.0.0
160 silly idealTree +-- got@6.7.1
160 silly idealTree +-- graceful-fs@4.1.11
160 silly idealTree +-- has-ansi@2.0.0
160 silly idealTree +-- has-flag@3.0.0
160 silly idealTree +-- has-value@1.0.0
160 silly idealTree +-- has-values@1.0.0
160 silly idealTree | `-- kind-of@4.0.0
160 silly idealTree +-- hooks-fixed@2.0.2
160 silly idealTree +-- http-errors@1.6.2
160 silly idealTree | `-- depd@1.1.1
160 silly idealTree +-- https-browserify@0.0.1
160 silly idealTree +-- iconv-lite@0.4.19
160 silly idealTree +-- ieee754@1.1.8
160 silly idealTree +-- ignore-by-default@1.0.1
160 silly idealTree +-- ignore@3.3.7
160 silly idealTree +-- import-lazy@2.1.0
160 silly idealTree +-- imurmurhash@0.1.4
160 silly idealTree +-- indexof@0.0.1
160 silly idealTree +-- inflight@1.0.6
160 silly idealTree +-- inherits@2.0.3
160 silly idealTree +-- ini@1.3.5
160 silly idealTree +-- inquirer@0.12.0
160 silly idealTree +-- interpret@1.1.0
160 silly idealTree +-- invert-kv@1.0.0
160 silly idealTree +-- ipaddr.js@1.5.2
160 silly idealTree +-- is-accessor-descriptor@1.0.0
160 silly idealTree +-- is-binary-path@1.0.1
160 silly idealTree +-- is-buffer@1.1.6
160 silly idealTree +-- is-data-descriptor@1.0.0
160 silly idealTree +-- is-descriptor@1.0.2
160 silly idealTree +-- is-dotfile@1.0.3
160 silly idealTree +-- is-equal-shallow@0.1.3
160 silly idealTree +-- is-extendable@0.1.1
160 silly idealTree +-- is-extglob@2.1.1
160 silly idealTree +-- is-fullwidth-code-point@1.0.0
160 silly idealTree +-- is-glob@4.0.0
160 silly idealTree +-- is-installed-globally@0.1.0
160 silly idealTree +-- is-my-json-valid@2.17.1
160 silly idealTree +-- is-npm@1.0.0
160 silly idealTree +-- is-number@3.0.0
160 silly idealTree | `-- kind-of@3.2.2
160 silly idealTree +-- is-obj@1.0.1
160 silly idealTree +-- is-odd@1.0.0
160 silly idealTree +-- is-path-cwd@1.0.0
160 silly idealTree +-- is-path-in-cwd@1.0.0
160 silly idealTree +-- is-path-inside@1.0.1
160 silly idealTree +-- is-plain-object@2.0.4
160 silly idealTree +-- is-posix-bracket@0.1.1
160 silly idealTree +-- is-primitive@2.0.0
160 silly idealTree +-- is-property@1.0.2
160 silly idealTree +-- is-redirect@1.0.0
160 silly idealTree +-- is-resolvable@1.1.0
160 silly idealTree +-- is-retry-allowed@1.1.0
160 silly idealTree +-- is-stream@1.1.0
160 silly idealTree +-- isarray@1.0.0
160 silly idealTree +-- isexe@2.0.0
160 silly idealTree +-- isobject@3.0.1
160 silly idealTree +-- jquery@2.2.4
160 silly idealTree +-- js-tokens@3.0.2
160 silly idealTree +-- js-yaml@3.10.0
160 silly idealTree +-- json-stable-stringify@1.0.1
160 silly idealTree +-- json5@0.5.1
160 silly idealTree +-- jsonify@0.0.0
160 silly idealTree +-- jsonpointer@4.0.1
160 silly idealTree +-- kareem@1.5.0
160 silly idealTree +-- kind-of@6.0.2
160 silly idealTree +-- latest-version@3.1.0
160 silly idealTree +-- lazy-cache@2.0.2
160 silly idealTree +-- lcid@1.0.0
160 silly idealTree +-- levn@0.3.0
160 silly idealTree +-- loader-utils@0.2.17
160 silly idealTree +-- locate-path@2.0.0
160 silly idealTree +-- lodash.get@4.4.2
160 silly idealTree +-- lodash@4.17.5
160 silly idealTree +-- longest@1.0.1
160 silly idealTree +-- lowercase-keys@1.0.0
160 silly idealTree +-- lru-cache@4.1.1
160 silly idealTree +-- make-dir@1.1.0
160 silly idealTree | `-- pify@3.0.0
160 silly idealTree +-- map-cache@0.2.2
160 silly idealTree +-- map-stream@0.1.0
160 silly idealTree +-- map-visit@1.0.0
160 silly idealTree +-- media-typer@0.3.0
160 silly idealTree +-- mem@1.1.0
160 silly idealTree +-- memory-fs@0.3.0
160 silly idealTree +-- merge-descriptors@1.0.1
160 silly idealTree +-- method-override@2.3.10
160 silly idealTree +-- methods@1.1.2
160 silly idealTree +-- micromatch@3.1.5
160 silly idealTree +-- mime-db@1.30.0
160 silly idealTree +-- mime-types@2.1.17
160 silly idealTree +-- mime@1.4.1
160 silly idealTree +-- mimic-fn@1.2.0
160 silly idealTree +-- minimatch@3.0.4
160 silly idealTree +-- minimist@0.0.8
160 silly idealTree +-- mixin-deep@1.3.1
160 silly idealTree | `-- is-extendable@1.0.1
160 silly idealTree +-- mkdirp@0.5.1
160 silly idealTree +-- mongodb-core@2.1.18
160 silly idealTree +-- mongodb@2.2.34
160 silly idealTree +-- mongoose-auto-increment@5.0.1
160 silly idealTree +-- mongoose-int32@0.1.0
160 silly idealTree +-- mongoose-integer@0.1.1
160 silly idealTree +-- mongoose-seeder@1.2.1
160 silly idealTree | +-- async@0.9.2
160 silly idealTree | `-- lodash@3.10.1
160 silly idealTree +-- mongoose-type-email@1.0.5
160 silly idealTree +-- mongoose@4.13.11
160 silly idealTree +-- morgan@1.9.0
160 silly idealTree | `-- basic-auth@2.0.0
160 silly idealTree +-- mpath@0.3.0
160 silly idealTree +-- mpromise@0.5.5
160 silly idealTree +-- mquery@2.3.3
160 silly idealTree | +-- bluebird@3.5.0
160 silly idealTree | `-- sliced@0.0.5
160 silly idealTree +-- ms@2.0.0
160 silly idealTree +-- muri@1.3.0
160 silly idealTree +-- mute-stream@0.0.5
160 silly idealTree +-- nan@2.3.5
160 silly idealTree +-- nanomatch@1.2.7
160 silly idealTree | `-- kind-of@5.1.0
160 silly idealTree +-- natural-compare@1.4.0
160 silly idealTree +-- negotiator@0.6.1
160 silly idealTree +-- node-libs-browser@0.7.0
160 silly idealTree | `-- string_decoder@0.10.31
160 silly idealTree +-- nodemon@1.14.12
160 silly idealTree | `-- debug@3.1.0
160 silly idealTree +-- nopt@1.0.10
160 silly idealTree +-- normalize-path@2.1.1
160 silly idealTree +-- npm-run-path@2.0.2
160 silly idealTree +-- number-is-nan@1.0.1
160 silly idealTree +-- object-assign@4.1.1
160 silly idealTree +-- object-copy@0.1.0
160 silly idealTree | +-- define-property@0.2.5
160 silly idealTree | +-- is-accessor-descriptor@0.1.6
160 silly idealTree | +-- is-data-descriptor@0.1.4
160 silly idealTree | +-- is-descriptor@0.1.6
160 silly idealTree | | `-- kind-of@5.1.0
160 silly idealTree | `-- kind-of@3.2.2
160 silly idealTree +-- object-visit@1.0.1
160 silly idealTree +-- object.omit@2.0.1
160 silly idealTree +-- object.pick@1.3.0
160 silly idealTree +-- on-finished@2.3.0
160 silly idealTree +-- on-headers@1.0.1
160 silly idealTree +-- once@1.4.0
160 silly idealTree +-- onetime@1.1.0
160 silly idealTree +-- optimist@0.6.1
160 silly idealTree | `-- wordwrap@0.0.3
160 silly idealTree +-- optionator@0.8.2
160 silly idealTree +-- os-browserify@0.2.1
160 silly idealTree +-- os-homedir@1.0.2
160 silly idealTree +-- os-locale@2.1.0
160 silly idealTree +-- p-finally@1.0.0
160 silly idealTree +-- p-limit@1.2.0
160 silly idealTree +-- p-locate@2.0.0
160 silly idealTree +-- p-try@1.0.0
160 silly idealTree +-- package-json@4.0.1
160 silly idealTree +-- pako@0.2.9
160 silly idealTree +-- parse-glob@3.0.4
160 silly idealTree | +-- is-extglob@1.0.0
160 silly idealTree | `-- is-glob@2.0.1
160 silly idealTree +-- parseurl@1.3.2
160 silly idealTree +-- pascalcase@0.1.1
160 silly idealTree +-- passport-local-mongoose-email@0.1.3
160 silly idealTree +-- passport-local-mongoose@4.5.0
160 silly idealTree | `-- debug@3.1.0
160 silly idealTree +-- passport-local@1.0.0
160 silly idealTree +-- passport-strategy@1.0.0
160 silly idealTree +-- passport@0.3.2
160 silly idealTree +-- path-browserify@0.0.0
160 silly idealTree +-- path-dirname@1.0.2
160 silly idealTree +-- path-exists@3.0.0
160 silly idealTree +-- path-is-absolute@1.0.1
160 silly idealTree +-- path-is-inside@1.0.2
160 silly idealTree +-- path-key@2.0.1
160 silly idealTree +-- path-parse@1.0.5
160 silly idealTree +-- path-to-regexp@0.1.7
160 silly idealTree +-- path@0.12.7
160 silly idealTree +-- pause-stream@0.0.11
160 silly idealTree +-- pause@0.0.1
160 silly idealTree +-- pbkdf2-compat@2.0.1
160 silly idealTree +-- pify@2.3.0
160 silly idealTree +-- pinkie-promise@2.0.1
160 silly idealTree +-- pinkie@2.0.4
160 silly idealTree +-- pluralize@1.2.1
160 silly idealTree +-- posix-character-classes@0.1.1
160 silly idealTree +-- prelude-ls@1.1.2
160 silly idealTree +-- prepend-http@1.0.4
160 silly idealTree +-- preserve@0.2.0
160 silly idealTree +-- process-nextick-args@1.0.7
160 silly idealTree +-- process@0.11.10
160 silly idealTree +-- progress@1.1.8
160 silly idealTree +-- proxy-addr@2.0.2
160 silly idealTree +-- prr@1.0.1
160 silly idealTree +-- ps-tree@1.1.0
160 silly idealTree +-- pseudomap@1.0.2
160 silly idealTree +-- pstree.remy@1.1.0
160 silly idealTree +-- punycode@1.4.1
160 silly idealTree +-- q@1.5.1
160 silly idealTree +-- qs@6.5.1
160 silly idealTree +-- querystring-es3@0.2.1
160 silly idealTree +-- querystring@0.2.0
160 silly idealTree +-- random-bytes@1.0.0
160 silly idealTree +-- randomatic@1.1.7
160 silly idealTree | `-- kind-of@4.0.0
160 silly idealTree +-- range-parser@1.2.0
160 silly idealTree +-- raw-body@2.3.2
160 silly idealTree +-- rc@1.2.5
160 silly idealTree | `-- minimist@1.2.0
160 silly idealTree +-- readable-stream@2.2.7
160 silly idealTree +-- readdirp@2.1.0
160 silly idealTree +-- readline2@1.0.1
160 silly idealTree +-- rechoir@0.6.2
160 silly idealTree +-- regex-cache@0.4.4
160 silly idealTree +-- regex-not@1.0.0
160 silly idealTree +-- regexp-clone@0.0.1
160 silly idealTree +-- registry-auth-token@3.3.2
160 silly idealTree +-- registry-url@3.1.0
160 silly idealTree +-- remove-trailing-separator@1.1.0
160 silly idealTree +-- repeat-element@1.1.2
160 silly idealTree +-- repeat-string@1.6.1
160 silly idealTree +-- require_optional@1.0.1
160 silly idealTree +-- require-directory@2.1.1
160 silly idealTree +-- require-main-filename@1.0.1
160 silly idealTree +-- require-uncached@1.0.3
160 silly idealTree | `-- resolve-from@1.0.1
160 silly idealTree +-- resolve-from@2.0.0
160 silly idealTree +-- resolve-url@0.2.1
160 silly idealTree +-- resolve@1.5.0
160 silly idealTree +-- restore-cursor@1.0.1
160 silly idealTree +-- right-align@0.1.3
160 silly idealTree +-- rimraf@2.6.2
160 silly idealTree +-- ripemd160@0.2.0
160 silly idealTree +-- run-async@0.1.0
160 silly idealTree +-- rx-lite@3.1.2
160 silly idealTree +-- safe-buffer@5.1.1
160 silly idealTree +-- scmp@2.0.0
160 silly idealTree +-- semver-diff@2.1.0
160 silly idealTree +-- semver@5.5.0
160 silly idealTree +-- send@0.16.1
160 silly idealTree | `-- statuses@1.3.1
160 silly idealTree +-- serve-static@1.13.1
160 silly idealTree +-- set-blocking@2.0.0
160 silly idealTree +-- set-getter@0.1.0
160 silly idealTree +-- set-immediate-shim@1.0.1
160 silly idealTree +-- set-value@2.0.0
160 silly idealTree +-- setimmediate@1.0.5
160 silly idealTree +-- setprototypeof@1.0.3
160 silly idealTree +-- sha.js@2.2.6
160 silly idealTree +-- shebang-command@1.2.0
160 silly idealTree +-- shebang-regex@1.0.0
160 silly idealTree +-- shelljs@0.7.8
160 silly idealTree +-- showdown@1.8.6
160 silly idealTree +-- signal-exit@3.0.2
160 silly idealTree +-- slice-ansi@0.0.4
160 silly idealTree +-- sliced@1.0.1
160 silly idealTree +-- snapdragon-node@2.1.1
160 silly idealTree +-- snapdragon-util@3.0.1
160 silly idealTree | `-- kind-of@3.2.2
160 silly idealTree +-- snapdragon@0.8.1
160 silly idealTree | +-- define-property@0.2.5
160 silly idealTree | +-- is-accessor-descriptor@0.1.6
160 silly idealTree | | `-- kind-of@3.2.2
160 silly idealTree | +-- is-data-descriptor@0.1.4
160 silly idealTree | | `-- kind-of@3.2.2
160 silly idealTree | +-- is-descriptor@0.1.6
160 silly idealTree | `-- kind-of@5.1.0
160 silly idealTree +-- source-list-map@0.1.8
160 silly idealTree +-- source-map-resolve@0.5.1
160 silly idealTree +-- source-map-url@0.4.0
160 silly idealTree +-- source-map@0.5.7
160 silly idealTree +-- split-string@3.1.0
160 silly idealTree | +-- extend-shallow@3.0.2
160 silly idealTree | `-- is-extendable@1.0.1
160 silly idealTree +-- split@0.3.3
160 silly idealTree +-- sprintf-js@1.0.3
160 silly idealTree +-- static-extend@0.1.2
160 silly idealTree | +-- define-property@0.2.5
160 silly idealTree | +-- is-accessor-descriptor@0.1.6
160 silly idealTree | | `-- kind-of@3.2.2
160 silly idealTree | +-- is-data-descriptor@0.1.4
160 silly idealTree | | `-- kind-of@3.2.2
160 silly idealTree | +-- is-descriptor@0.1.6
160 silly idealTree | `-- kind-of@5.1.0
160 silly idealTree +-- statuses@1.4.0
160 silly idealTree +-- stream-browserify@2.0.1
160 silly idealTree +-- stream-combiner@0.0.4
160 silly idealTree +-- stream-http@2.8.0
160 silly idealTree | +-- process-nextick-args@2.0.0
160 silly idealTree | `-- readable-stream@2.3.4
160 silly idealTree +-- string_decoder@1.0.3
160 silly idealTree +-- string-width@1.0.2
160 silly idealTree +-- strip-ansi@3.0.1
160 silly idealTree +-- strip-bom@3.0.0
160 silly idealTree +-- strip-eof@1.0.0
160 silly idealTree +-- strip-json-comments@2.0.1
160 silly idealTree +-- supports-color@2.0.0
160 silly idealTree +-- table@3.8.3
160 silly idealTree | +-- ansi-regex@3.0.0
160 silly idealTree | +-- is-fullwidth-code-point@2.0.0
160 silly idealTree | +-- string-width@2.1.1
160 silly idealTree | `-- strip-ansi@4.0.0
160 silly idealTree +-- tapable@0.1.10
160 silly idealTree +-- term-size@1.2.0
160 silly idealTree +-- text-table@0.2.0
160 silly idealTree +-- through@2.3.8
160 silly idealTree +-- timed-out@4.0.1
160 silly idealTree +-- timers-browserify@2.0.6
160 silly idealTree +-- to-arraybuffer@1.0.1
160 silly idealTree +-- to-object-path@0.3.0
160 silly idealTree | `-- kind-of@3.2.2
160 silly idealTree +-- to-regex-range@2.1.1
160 silly idealTree +-- to-regex@3.0.1
160 silly idealTree | +-- define-property@0.2.5
160 silly idealTree | +-- is-accessor-descriptor@0.1.6
160 silly idealTree | | `-- kind-of@3.2.2
160 silly idealTree | +-- is-data-descriptor@0.1.4
160 silly idealTree | | `-- kind-of@3.2.2
160 silly idealTree | +-- is-descriptor@0.1.6
160 silly idealTree | `-- kind-of@5.1.0
160 silly idealTree +-- toastr@2.1.4
160 silly idealTree +-- touch@3.1.0
160 silly idealTree +-- tty-browserify@0.0.0
160 silly idealTree +-- type-check@0.3.2
160 silly idealTree +-- type-is@1.6.15
160 silly idealTree +-- typedarray@0.0.6
160 silly idealTree +-- uglify-js@2.7.5
160 silly idealTree | +-- async@0.2.10
160 silly idealTree | +-- camelcase@1.2.1
160 silly idealTree | +-- cliui@2.1.0
160 silly idealTree | +-- wordwrap@0.0.2
160 silly idealTree | `-- yargs@3.10.0
160 silly idealTree +-- uglify-to-browserify@1.0.2
160 silly idealTree +-- uid-safe@2.1.5
160 silly idealTree +-- undefsafe@2.0.1
160 silly idealTree +-- underscore.string@2.3.3
160 silly idealTree +-- underscore@1.8.3
160 silly idealTree +-- union-value@1.0.0
160 silly idealTree | `-- set-value@0.4.3
160 silly idealTree +-- unique-string@1.0.0
160 silly idealTree +-- unpipe@1.0.0
160 silly idealTree +-- unset-value@1.0.0
160 silly idealTree | +-- has-value@0.3.1
160 silly idealTree | | `-- isobject@2.1.0
160 silly idealTree | `-- has-values@0.1.4
160 silly idealTree +-- unzip-response@2.0.1
160 silly idealTree +-- upath@1.0.0
160 silly idealTree | `-- lodash@3.10.1
160 silly idealTree +-- update-notifier@2.3.0
160 silly idealTree | +-- ansi-styles@3.2.0
160 silly idealTree | +-- chalk@2.3.1
160 silly idealTree | `-- supports-color@5.2.0
160 silly idealTree +-- urix@0.1.0
160 silly idealTree +-- url-parse-lax@1.0.0
160 silly idealTree +-- url@0.11.0
160 silly idealTree | `-- punycode@1.3.2
160 silly idealTree +-- use@2.0.2
160 silly idealTree | +-- define-property@0.2.5
160 silly idealTree | +-- is-accessor-descriptor@0.1.6
160 silly idealTree | | `-- kind-of@3.2.2
160 silly idealTree | +-- is-data-descriptor@0.1.4
160 silly idealTree | | `-- kind-of@3.2.2
160 silly idealTree | +-- is-descriptor@0.1.6
160 silly idealTree | `-- kind-of@5.1.0
160 silly idealTree +-- user-home@2.0.0
160 silly idealTree +-- util-deprecate@1.0.2
160 silly idealTree +-- util@0.10.3
160 silly idealTree | `-- inherits@2.0.1
160 silly idealTree +-- utils-merge@1.0.1
160 silly idealTree +-- validator@5.7.0
160 silly idealTree +-- vary@1.1.2
160 silly idealTree +-- vm-browserify@0.0.4
160 silly idealTree +-- watchpack@0.2.9
160 silly idealTree | +-- anymatch@1.3.2
160 silly idealTree | +-- arr-diff@2.0.0
160 silly idealTree | +-- array-unique@0.2.1
160 silly idealTree | +-- async@0.9.2
160 silly idealTree | +-- braces@1.8.5
160 silly idealTree | +-- chokidar@1.7.0
160 silly idealTree | +-- expand-brackets@0.1.5
160 silly idealTree | +-- extglob@0.3.2
160 silly idealTree | +-- glob-parent@2.0.0
160 silly idealTree | +-- is-extglob@1.0.0
160 silly idealTree | +-- is-glob@2.0.1
160 silly idealTree | +-- kind-of@3.2.2
160 silly idealTree | `-- micromatch@2.3.11
160 silly idealTree +-- webpack-core@0.6.9
160 silly idealTree | `-- source-map@0.4.4
160 silly idealTree +-- webpack@1.15.0
160 silly idealTree | +-- acorn@3.3.0
160 silly idealTree | +-- async@1.5.2
160 silly idealTree | +-- has-flag@1.0.0
160 silly idealTree | +-- interpret@0.6.6
160 silly idealTree | `-- supports-color@3.2.3
160 silly idealTree +-- which-module@2.0.0
160 silly idealTree +-- which@1.3.0
160 silly idealTree +-- widest-line@2.0.0
160 silly idealTree | +-- ansi-regex@3.0.0
160 silly idealTree | +-- is-fullwidth-code-point@2.0.0
160 silly idealTree | +-- string-width@2.1.1
160 silly idealTree | `-- strip-ansi@4.0.0
160 silly idealTree +-- window-size@0.1.0
160 silly idealTree +-- wordwrap@1.0.0
160 silly idealTree +-- wrap-ansi@2.1.0
160 silly idealTree +-- wrappy@1.0.2
160 silly idealTree +-- write-file-atomic@2.3.0
160 silly idealTree +-- write@0.2.1
160 silly idealTree +-- xdg-basedir@3.0.0
160 silly idealTree +-- xtend@4.0.1
160 silly idealTree +-- y18n@3.2.1
160 silly idealTree +-- yallist@2.1.2
160 silly idealTree +-- yargs-parser@8.1.0
160 silly idealTree `-- yargs@10.1.2
160 silly idealTree   +-- ansi-regex@3.0.0
160 silly idealTree   +-- is-fullwidth-code-point@2.0.0
160 silly idealTree   +-- string-width@2.1.1
160 silly idealTree   `-- strip-ansi@4.0.0
161 silly generateActionsToTake Starting
162 silly install generateActionsToTake
163 silly generateActionsToTake Finishing
164 silly diffTrees action count 3
165 silly diffTrees add bindings@1.2.1
166 silly diffTrees add nan@2.3.5
167 silly diffTrees add bcrypt@0.8.7
168 silly decomposeActions action count 24
169 silly decomposeActions fetch bindings@1.2.1
170 silly decomposeActions extract bindings@1.2.1
171 silly decomposeActions test bindings@1.2.1
172 silly decomposeActions preinstall bindings@1.2.1
173 silly decomposeActions build bindings@1.2.1
174 silly decomposeActions install bindings@1.2.1
175 silly decomposeActions postinstall bindings@1.2.1
176 silly decomposeActions finalize bindings@1.2.1
177 silly decomposeActions fetch nan@2.3.5
178 silly decomposeActions extract nan@2.3.5
179 silly decomposeActions test nan@2.3.5
180 silly decomposeActions preinstall nan@2.3.5
181 silly decomposeActions build nan@2.3.5
182 silly decomposeActions install nan@2.3.5
183 silly decomposeActions postinstall nan@2.3.5
184 silly decomposeActions finalize nan@2.3.5
185 silly decomposeActions fetch bcrypt@0.8.7
186 silly decomposeActions extract bcrypt@0.8.7
187 silly decomposeActions test bcrypt@0.8.7
188 silly decomposeActions preinstall bcrypt@0.8.7
189 silly decomposeActions build bcrypt@0.8.7
190 silly decomposeActions install bcrypt@0.8.7
191 silly decomposeActions postinstall bcrypt@0.8.7
192 silly decomposeActions finalize bcrypt@0.8.7
193 silly runTopLevelLifecycles Starting
194 silly executeActions Starting
195 silly install executeActions
196 silly doSerial global-install 0
197 silly doParallel fetch 3
198 verbose correctMkdir C:\Users\NB01\AppData\Roaming\npm-cache\_locks correctMkdir not in flight; initializing
199 verbose lock using C:\Users\NB01\AppData\Roaming\npm-cache\_locks\staging-ac4ae7f5436da620.lock for C:\Users\NB01\Desktop\12\node_modules\.staging
200 silly doParallel extract 3
201 silly extract bindings@1.2.1
202 silly extract nan@2.3.5
203 silly extract bcrypt@0.8.7
204 verbose unbuild node_modules\.staging\nan-e294d054
205 verbose unbuild node_modules\.staging\bindings-4c8e88f9
206 verbose unbuild node_modules\.staging\bcrypt-e41727b3
207 silly gentlyRm C:\Users\NB01\Desktop\12\node_modules\.staging\nan-e294d054 is being purged from base C:\Users\NB01\Desktop\12
208 verbose gentlyRm don't care about contents; nuking C:\Users\NB01\Desktop\12\node_modules\.staging\nan-e294d054
209 silly gentlyRm C:\Users\NB01\Desktop\12\node_modules\.staging\bindings-4c8e88f9 is being purged from base C:\Users\NB01\Desktop\12
210 verbose gentlyRm don't care about contents; nuking C:\Users\NB01\Desktop\12\node_modules\.staging\bindings-4c8e88f9
211 verbose tar unpack C:\Users\NB01\AppData\Roaming\npm-cache\nan\2.3.5\package.tgz
212 verbose tar unpacking to C:\Users\NB01\Desktop\12\node_modules\.staging\nan-e294d054
213 silly gentlyRm C:\Users\NB01\Desktop\12\node_modules\.staging\nan-e294d054 is being purged
214 verbose gentlyRm don't care about contents; nuking C:\Users\NB01\Desktop\12\node_modules\.staging\nan-e294d054
215 silly gentlyRm C:\Users\NB01\Desktop\12\node_modules\.staging\bcrypt-e41727b3 is being purged from base C:\Users\NB01\Desktop\12
216 verbose gentlyRm don't care about contents; nuking C:\Users\NB01\Desktop\12\node_modules\.staging\bcrypt-e41727b3
217 verbose tar unpack C:\Users\NB01\AppData\Roaming\npm-cache\bindings\1.2.1\package.tgz
218 verbose tar unpacking to C:\Users\NB01\Desktop\12\node_modules\.staging\bindings-4c8e88f9
219 silly gentlyRm C:\Users\NB01\Desktop\12\node_modules\.staging\bindings-4c8e88f9 is being purged
220 verbose gentlyRm don't care about contents; nuking C:\Users\NB01\Desktop\12\node_modules\.staging\bindings-4c8e88f9
221 silly gunzTarPerm modes [ '777', '666' ]
222 verbose tar unpack C:\Users\NB01\AppData\Roaming\npm-cache\bcrypt\0.8.7\package.tgz
223 verbose tar unpacking to C:\Users\NB01\Desktop\12\node_modules\.staging\bcrypt-e41727b3
224 silly gentlyRm C:\Users\NB01\Desktop\12\node_modules\.staging\bcrypt-e41727b3 is being purged
225 verbose gentlyRm don't care about contents; nuking C:\Users\NB01\Desktop\12\node_modules\.staging\bcrypt-e41727b3
226 silly gunzTarPerm modes [ '777', '666' ]
227 silly gunzTarPerm modes [ '777', '666' ]
228 silly gunzTarPerm extractEntry package.json
229 silly gunzTarPerm modified mode [ 'package.json', 420, 438 ]
230 silly gunzTarPerm extractEntry package.json
231 silly gunzTarPerm modified mode [ 'package.json', 436, 438 ]
232 silly gunzTarPerm extractEntry package.json
233 silly gunzTarPerm modified mode [ 'package.json', 420, 438 ]
234 silly gunzTarPerm extractEntry README.md
235 silly gunzTarPerm modified mode [ 'README.md', 420, 438 ]
236 silly gunzTarPerm extractEntry bindings.js
237 silly gunzTarPerm modified mode [ 'bindings.js', 420, 438 ]
238 silly gunzTarPerm extractEntry README.md
239 silly gunzTarPerm modified mode [ 'README.md', 436, 438 ]
240 silly gunzTarPerm extractEntry include_dirs.js
241 silly gunzTarPerm modified mode [ 'include_dirs.js', 436, 438 ]
242 silly gunzTarPerm extractEntry nan_converters.h
243 silly gunzTarPerm modified mode [ 'nan_converters.h', 436, 438 ]
244 silly gunzTarPerm extractEntry LICENSE.md
245 silly gunzTarPerm modified mode [ 'LICENSE.md', 436, 438 ]
246 silly gunzTarPerm extractEntry doc/node_misc.md
247 silly gunzTarPerm modified mode [ 'doc/node_misc.md', 436, 438 ]
248 silly gunzTarPerm extractEntry doc/asyncworker.md
249 silly gunzTarPerm modified mode [ 'doc/asyncworker.md', 436, 438 ]
250 silly gunzTarPerm extractEntry doc/callback.md
251 silly gunzTarPerm modified mode [ 'doc/callback.md', 436, 438 ]
252 silly gunzTarPerm extractEntry doc/converters.md
253 silly gunzTarPerm modified mode [ 'doc/converters.md', 436, 438 ]
254 silly gunzTarPerm extractEntry doc/errors.md
255 silly gunzTarPerm modified mode [ 'doc/errors.md', 436, 438 ]
256 silly gunzTarPerm extractEntry doc/maybe_types.md
257 silly gunzTarPerm modified mode [ 'doc/maybe_types.md', 436, 438 ]
258 silly gunzTarPerm extractEntry doc/methods.md
259 silly gunzTarPerm modified mode [ 'doc/methods.md', 436, 438 ]
260 silly gunzTarPerm extractEntry doc/new.md
261 silly gunzTarPerm modified mode [ 'doc/new.md', 436, 438 ]
262 silly gunzTarPerm extractEntry doc/buffers.md
263 silly gunzTarPerm modified mode [ 'doc/buffers.md', 436, 438 ]
264 silly gunzTarPerm extractEntry doc/object_wrappers.md
265 silly gunzTarPerm modified mode [ 'doc/object_wrappers.md', 436, 438 ]
266 silly gunzTarPerm extractEntry doc/persistent.md
267 silly gunzTarPerm modified mode [ 'doc/persistent.md', 436, 438 ]
268 silly gunzTarPerm extractEntry doc/scopes.md
269 silly gunzTarPerm modified mode [ 'doc/scopes.md', 436, 438 ]
270 silly gunzTarPerm extractEntry doc/script.md
271 silly gunzTarPerm modified mode [ 'doc/script.md', 436, 438 ]
272 silly gunzTarPerm extractEntry doc/string_bytes.md
273 silly gunzTarPerm modified mode [ 'doc/string_bytes.md', 436, 438 ]
274 silly gunzTarPerm extractEntry doc/v8_internals.md
275 silly gunzTarPerm modified mode [ 'doc/v8_internals.md', 436, 438 ]
276 silly gunzTarPerm extractEntry doc/v8_misc.md
277 silly gunzTarPerm modified mode [ 'doc/v8_misc.md', 436, 438 ]
278 silly gunzTarPerm extractEntry nan.h
279 silly gunzTarPerm modified mode [ 'nan.h', 436, 438 ]
280 silly gunzTarPerm extractEntry nan_callbacks.h
281 silly gunzTarPerm modified mode [ 'nan_callbacks.h', 436, 438 ]
282 silly gunzTarPerm extractEntry nan_callbacks_12_inl.h
283 silly gunzTarPerm modified mode [ 'nan_callbacks_12_inl.h', 436, 438 ]
284 silly gunzTarPerm extractEntry nan_callbacks_pre_12_inl.h
285 silly gunzTarPerm modified mode [ 'nan_callbacks_pre_12_inl.h', 436, 438 ]
286 silly gunzTarPerm extractEntry nan_converters_43_inl.h
287 silly gunzTarPerm modified mode [ 'nan_converters_43_inl.h', 436, 438 ]
288 silly gunzTarPerm extractEntry nan_converters_pre_43_inl.h
289 silly gunzTarPerm modified mode [ 'nan_converters_pre_43_inl.h', 436, 438 ]
290 silly gunzTarPerm extractEntry nan_implementation_12_inl.h
291 silly gunzTarPerm modified mode [ 'nan_implementation_12_inl.h', 436, 438 ]
292 silly gunzTarPerm extractEntry nan_implementation_pre_12_inl.h
293 silly gunzTarPerm modified mode [ 'nan_implementation_pre_12_inl.h', 436, 438 ]
294 silly gunzTarPerm extractEntry nan_maybe_43_inl.h
295 silly gunzTarPerm modified mode [ 'nan_maybe_43_inl.h', 436, 438 ]
296 silly gunzTarPerm extractEntry nan_maybe_pre_43_inl.h
297 silly gunzTarPerm modified mode [ 'nan_maybe_pre_43_inl.h', 436, 438 ]
298 silly gunzTarPerm extractEntry nan_new.h
299 silly gunzTarPerm modified mode [ 'nan_new.h', 436, 438 ]
300 silly gunzTarPerm extractEntry nan_object_wrap.h
301 silly gunzTarPerm modified mode [ 'nan_object_wrap.h', 436, 438 ]
302 silly gunzTarPerm extractEntry nan_persistent_12_inl.h
303 silly gunzTarPerm modified mode [ 'nan_persistent_12_inl.h', 436, 438 ]
304 silly gunzTarPerm extractEntry nan_persistent_pre_12_inl.h
305 silly gunzTarPerm modified mode [ 'nan_persistent_pre_12_inl.h', 436, 438 ]
306 silly gunzTarPerm extractEntry nan_string_bytes.h
307 silly gunzTarPerm modified mode [ 'nan_string_bytes.h', 436, 438 ]
308 silly gunzTarPerm extractEntry nan_typedarray_contents.h
309 silly gunzTarPerm modified mode [ 'nan_typedarray_contents.h', 436, 438 ]
310 silly gunzTarPerm extractEntry nan_weak.h
311 silly gunzTarPerm modified mode [ 'nan_weak.h', 436, 438 ]
312 silly gunzTarPerm extractEntry CHANGELOG.md
313 silly gunzTarPerm modified mode [ 'CHANGELOG.md', 436, 438 ]
314 silly gunzTarPerm extractEntry tools/package.json
315 silly gunzTarPerm modified mode [ 'tools/package.json', 436, 438 ]
316 silly gunzTarPerm extractEntry tools/README.md
317 silly gunzTarPerm modified mode [ 'tools/README.md', 436, 438 ]
318 silly gunzTarPerm extractEntry tools/1to2.js
319 silly gunzTarPerm modified mode [ 'tools/1to2.js', 509, 511 ]
320 silly gunzTarPerm extractEntry .npmignore
321 silly gunzTarPerm modified mode [ '.npmignore', 420, 438 ]
322 silly gunzTarPerm extractEntry README.md
323 silly gunzTarPerm modified mode [ 'README.md', 420, 438 ]
324 silly gunzTarPerm extractEntry LICENSE
325 silly gunzTarPerm modified mode [ 'LICENSE', 420, 438 ]
326 silly gunzTarPerm extractEntry bcrypt.js
327 silly gunzTarPerm modified mode [ 'bcrypt.js', 420, 438 ]
328 silly gunzTarPerm extractEntry Makefile
329 silly gunzTarPerm modified mode [ 'Makefile', 420, 438 ]
330 silly gunzTarPerm extractEntry .travis.yml
331 silly gunzTarPerm modified mode [ '.travis.yml', 420, 438 ]
332 silly gunzTarPerm extractEntry CHANGELOG.md
333 silly gunzTarPerm modified mode [ 'CHANGELOG.md', 420, 438 ]
334 silly gunzTarPerm extractEntry binding.gyp
335 silly gunzTarPerm modified mode [ 'binding.gyp', 420, 438 ]
336 silly gunzTarPerm extractEntry examples/async_compare.js
337 silly gunzTarPerm modified mode [ 'examples/async_compare.js', 420, 438 ]
338 silly gunzTarPerm extractEntry examples/forever_gen_salt.js
339 silly gunzTarPerm modified mode [ 'examples/forever_gen_salt.js', 420, 438 ]
340 silly gunzTarPerm extractEntry test/async.js
341 silly gunzTarPerm modified mode [ 'test/async.js', 420, 438 ]
342 silly gunzTarPerm extractEntry test/repetitions.js
343 silly gunzTarPerm modified mode [ 'test/repetitions.js', 420, 438 ]
344 silly gunzTarPerm extractEntry test/sync.js
345 silly gunzTarPerm modified mode [ 'test/sync.js', 420, 438 ]
346 silly gunzTarPerm extractEntry ISSUE_TEMPLATE.md
347 silly gunzTarPerm modified mode [ 'ISSUE_TEMPLATE.md', 420, 438 ]
348 silly gunzTarPerm extractEntry src/bcrypt.cc
349 silly gunzTarPerm modified mode [ 'src/bcrypt.cc', 420, 438 ]
350 silly gunzTarPerm extractEntry src/bcrypt_node.cc
351 silly gunzTarPerm modified mode [ 'src/bcrypt_node.cc', 420, 438 ]
352 silly gunzTarPerm extractEntry src/blowfish.cc
353 silly gunzTarPerm modified mode [ 'src/blowfish.cc', 420, 438 ]
354 silly gunzTarPerm extractEntry src/node_blf.h
355 silly gunzTarPerm modified mode [ 'src/node_blf.h', 420, 438 ]
356 silly gunzTarPerm extractEntry werker.yml
357 silly gunzTarPerm modified mode [ 'werker.yml', 420, 438 ]
358 silly gentlyRm C:\Users\NB01\Desktop\12\node_modules\.staging\bindings-4c8e88f9\node_modules is being purged
359 verbose gentlyRm don't care about contents; nuking C:\Users\NB01\Desktop\12\node_modules\.staging\bindings-4c8e88f9\node_modules
360 silly gentlyRm C:\Users\NB01\Desktop\12\node_modules\.staging\bcrypt-e41727b3\node_modules is being purged
361 verbose gentlyRm don't care about contents; nuking C:\Users\NB01\Desktop\12\node_modules\.staging\bcrypt-e41727b3\node_modules
362 silly gentlyRm C:\Users\NB01\Desktop\12\node_modules\.staging\nan-e294d054\node_modules is being purged
363 verbose gentlyRm don't care about contents; nuking C:\Users\NB01\Desktop\12\node_modules\.staging\nan-e294d054\node_modules
364 silly doParallel preinstall 3
365 silly preinstall bindings@1.2.1 C:\Users\NB01\Desktop\12\node_modules\.staging\bindings-4c8e88f9
366 info lifecycle bindings@1.2.1~preinstall: bindings@1.2.1
367 silly preinstall nan@2.3.5 C:\Users\NB01\Desktop\12\node_modules\.staging\nan-e294d054
368 info lifecycle nan@2.3.5~preinstall: nan@2.3.5
369 silly preinstall bcrypt@0.8.7 C:\Users\NB01\Desktop\12\node_modules\.staging\bcrypt-e41727b3
370 info lifecycle bcrypt@0.8.7~preinstall: bcrypt@0.8.7
371 silly lifecycle bindings@1.2.1~preinstall: no script for preinstall, continuing
372 silly lifecycle nan@2.3.5~preinstall: no script for preinstall, continuing
373 silly lifecycle bcrypt@0.8.7~preinstall: no script for preinstall, continuing
374 silly doReverseSerial remove 0
375 silly doSerial move 0
376 silly doSerial finalize 3
377 silly finalize C:\Users\NB01\Desktop\12\node_modules\bindings
378 silly finalize C:\Users\NB01\Desktop\12\node_modules\nan
379 silly finalize C:\Users\NB01\Desktop\12\node_modules\bcrypt
380 silly doSerial build 3
381 silly build bindings@1.2.1
382 info linkStuff bindings@1.2.1
383 silly linkStuff bindings@1.2.1 has C:\Users\NB01\Desktop\12\node_modules as its parent node_modules
384 verbose linkBins bindings@1.2.1
385 verbose linkMans bindings@1.2.1
386 silly build nan@2.3.5
387 info linkStuff nan@2.3.5
388 silly linkStuff nan@2.3.5 has C:\Users\NB01\Desktop\12\node_modules as its parent node_modules
389 verbose linkBins nan@2.3.5
390 verbose linkMans nan@2.3.5
391 silly build bcrypt@0.8.7
392 info linkStuff bcrypt@0.8.7
393 silly linkStuff bcrypt@0.8.7 has C:\Users\NB01\Desktop\12\node_modules as its parent node_modules
394 verbose linkBins bcrypt@0.8.7
395 verbose linkMans bcrypt@0.8.7
396 silly doSerial global-link 0
397 silly doParallel update-linked 0
398 silly doSerial install 3
399 silly install bindings@1.2.1 C:\Users\NB01\Desktop\12\node_modules\.staging\bindings-4c8e88f9
400 info lifecycle bindings@1.2.1~install: bindings@1.2.1
401 silly lifecycle bindings@1.2.1~install: no script for install, continuing
402 silly install nan@2.3.5 C:\Users\NB01\Desktop\12\node_modules\.staging\nan-e294d054
403 info lifecycle nan@2.3.5~install: nan@2.3.5
404 silly lifecycle nan@2.3.5~install: no script for install, continuing
405 silly install bcrypt@0.8.7 C:\Users\NB01\Desktop\12\node_modules\.staging\bcrypt-e41727b3
406 info lifecycle bcrypt@0.8.7~install: bcrypt@0.8.7
407 verbose lifecycle bcrypt@0.8.7~install: unsafe-perm in lifecycle true
408 verbose lifecycle bcrypt@0.8.7~install: PATH: C:\Program Files\nodejs\node_modules\npm\bin\node-gyp-bin;C:\Users\NB01\Desktop\12\node_modules\bcrypt\node_modules\.bin;C:\Users\NB01\Desktop\12\node_modules\.bin;C:\WINDOWS\system32;C:\WINDOWS;C:\WINDOWS\System32\Wbem;C:\WINDOWS\System32\WindowsPowerShell\v1.0\;C:\Program Files\Intel\WiFi\bin\;C:\Program Files\Common Files\Intel\WirelessCommon\;C:\Program Files\nodejs\;C:\Program Files\Git\cmd;C:\Ruby24-x64\bin;C:\Program Files\Intel\WiFi\bin\;C:\Program Files\Common Files\Intel\WirelessCommon\;C:\Program Files (x86)\Microsoft VS Code\bin;C:\Users\NB01\AppData\Local\Microsoft\WindowsApps;C:\Users\NB01\AppData\Roaming\npm;C:\Program Files\Heroku\bin;
409 verbose lifecycle bcrypt@0.8.7~install: CWD: C:\Users\NB01\Desktop\12\node_modules\bcrypt
410 silly lifecycle bcrypt@0.8.7~install: Args: [ '/d /s /c', 'node-gyp rebuild' ]
411 silly lifecycle bcrypt@0.8.7~install: Returned: code: 1  signal: null
412 info lifecycle bcrypt@0.8.7~install: Failed to exec install script
413 verbose unlock done using C:\Users\NB01\AppData\Roaming\npm-cache\_locks\staging-ac4ae7f5436da620.lock for C:\Users\NB01\Desktop\12\node_modules\.staging
414 silly rollbackFailedOptional Starting
415 silly rollbackFailedOptional Finishing
416 silly runTopLevelLifecycles Finishing
417 silly install printInstalled
418 warn optional SKIPPING OPTIONAL DEPENDENCY: fsevents@^1.0.0 (node_modules\chokidar\node_modules\fsevents):
419 warn notsup SKIPPING OPTIONAL DEPENDENCY: Unsupported platform for fsevents@1.1.3: wanted {"os":"darwin","arch":"any"} (current: {"os":"win32","arch":"x64"})
420 verbose notsup SKIPPING OPTIONAL DEPENDENCY: Valid OS:    darwin
420 verbose notsup SKIPPING OPTIONAL DEPENDENCY: Valid Arch:  any
420 verbose notsup SKIPPING OPTIONAL DEPENDENCY: Actual OS:   win32
420 verbose notsup SKIPPING OPTIONAL DEPENDENCY: Actual Arch: x64
421 warn optional SKIPPING OPTIONAL DEPENDENCY: fsevents@^1.0.0 (node_modules\watchpack\node_modules\chokidar\node_modules\fsevents):
422 warn notsup SKIPPING OPTIONAL DEPENDENCY: Unsupported platform for fsevents@1.1.3: wanted {"os":"darwin","arch":"any"} (current: {"os":"win32","arch":"x64"})
423 verbose notsup SKIPPING OPTIONAL DEPENDENCY: Valid OS:    darwin
423 verbose notsup SKIPPING OPTIONAL DEPENDENCY: Valid Arch:  any
423 verbose notsup SKIPPING OPTIONAL DEPENDENCY: Actual OS:   win32
423 verbose notsup SKIPPING OPTIONAL DEPENDENCY: Actual Arch: x64
424 warn eslint-config-standard@6.2.1 requires a peer of eslint-plugin-promise@>=3.3.0 but none was installed.
425 verbose If you need help, you may report this error at:
425 verbose     <https://github.com/npm/npm/issues>
426 warn mongoose-type-email@1.0.5 requires a peer of mongoose@ but none was installed.
427 verbose If you need help, you may report this error at:
427 verbose     <https://github.com/npm/npm/issues>
428 warn techdegree-fullstackjs-course-review-rest-api@1.0.0 No description
429 verbose If you need help, you may report this error at:
429 verbose     <https://github.com/npm/npm/issues>
430 warn techdegree-fullstackjs-course-review-rest-api@1.0.0 No repository field.
431 verbose If you need help, you may report this error at:
431 verbose     <https://github.com/npm/npm/issues>
432 verbose stack Error: bcrypt@0.8.7 install: `node-gyp rebuild`
432 verbose stack Exit status 1
432 verbose stack     at EventEmitter.<anonymous> (C:\Program Files\nodejs\node_modules\npm\lib\utils\lifecycle.js:255:16)
432 verbose stack     at emitTwo (events.js:106:13)
432 verbose stack     at EventEmitter.emit (events.js:191:7)
432 verbose stack     at ChildProcess.<anonymous> (C:\Program Files\nodejs\node_modules\npm\lib\utils\spawn.js:40:14)
432 verbose stack     at emitTwo (events.js:106:13)
432 verbose stack     at ChildProcess.emit (events.js:191:7)
432 verbose stack     at maybeClose (internal/child_process.js:891:16)
432 verbose stack     at Process.ChildProcess._handle.onexit (internal/child_process.js:226:5)
433 verbose pkgid bcrypt@0.8.7
434 verbose cwd C:\Users\NB01\Desktop\12
435 error Windows_NT 10.0.16299
436 error argv "C:\\Program Files\\nodejs\\node.exe" "C:\\Program Files\\nodejs\\node_modules\\npm\\bin\\npm-cli.js" "install" "bcrypt"
437 error node v6.11.2
438 error npm  v3.10.10
439 error code ELIFECYCLE
440 error bcrypt@0.8.7 install: `node-gyp rebuild`
440 error Exit status 1
441 error Failed at the bcrypt@0.8.7 install script 'node-gyp rebuild'.
441 error Make sure you have the latest version of node.js and npm installed.
441 error If you do, this is most likely a problem with the bcrypt package,
441 error not with npm itself.
441 error Tell the author that this fails on your system:
441 error     node-gyp rebuild
441 error You can get information on how to open an issue for this project with:
441 error     npm bugs bcrypt
441 error Or if that isn't available, you can get their info via:
441 error     npm owner ls bcrypt
441 error There is likely additional logging output above.
442 verbose exit [ 1, true ]
